[2.316s] Invoking command in '/home/rogi4rm/RogiARm_ws/src/rogiarm_hardware_driver': PYTHONPATH=/home/rogi4rm/RogiARm_ws/build/rogiarm_hardware_driver/prefix_override:/usr/lib/python3/dist-packages/colcon_core/task/python/colcon_distutils_commands:/home/rogi4rm/RogiARm_ws/install/rogiarm_hardware_driver/lib/python3.12/site-packages:${PYTHONPATH} /usr/bin/python3 -W ignore:setup.py install is deprecated -W ignore:easy_install command is deprecated setup.py egg_info --egg-base ../../build/rogiarm_hardware_driver build --build-base /home/rogi4rm/RogiARm_ws/build/rogiarm_hardware_driver/build install --record /home/rogi4rm/RogiARm_ws/build/rogiarm_hardware_driver/install.log --single-version-externally-managed install_data
[2.756s] running egg_info
[2.775s] writing ../../build/rogiarm_hardware_driver/rogiarm_hardware_driver.egg-info/PKG-INFO
[2.776s] writing dependency_links to ../../build/rogiarm_hardware_driver/rogiarm_hardware_driver.egg-info/dependency_links.txt
[2.778s] writing entry points to ../../build/rogiarm_hardware_driver/rogiarm_hardware_driver.egg-info/entry_points.txt
[2.780s] writing requirements to ../../build/rogiarm_hardware_driver/rogiarm_hardware_driver.egg-info/requires.txt
[2.782s] writing top-level names to ../../build/rogiarm_hardware_driver/rogiarm_hardware_driver.egg-info/top_level.txt
[2.833s] reading manifest file '../../build/rogiarm_hardware_driver/rogiarm_hardware_driver.egg-info/SOURCES.txt'
[2.835s] writing manifest file '../../build/rogiarm_hardware_driver/rogiarm_hardware_driver.egg-info/SOURCES.txt'
[2.835s] running build
[2.835s] running build_py
[2.836s] running install
[2.846s] running install_lib
[2.870s] running install_data
[2.870s] running install_egg_info
[2.895s] removing '/home/rogi4rm/RogiARm_ws/install/rogiarm_hardware_driver/lib/python3.12/site-packages/rogiarm_hardware_driver-0.0.0-py3.12.egg-info' (and everything under it)
[2.897s] Copying ../../build/rogiarm_hardware_driver/rogiarm_hardware_driver.egg-info to /home/rogi4rm/RogiARm_ws/install/rogiarm_hardware_driver/lib/python3.12/site-packages/rogiarm_hardware_driver-0.0.0-py3.12.egg-info
[2.898s] running install_scripts
[3.090s] Installing driver_node script to /home/rogi4rm/RogiARm_ws/install/rogiarm_hardware_driver/lib/rogiarm_hardware_driver
[3.091s] writing list of installed files to '/home/rogi4rm/RogiARm_ws/build/rogiarm_hardware_driver/install.log'
[3.307s] Invoked command in '/home/rogi4rm/RogiARm_ws/src/rogiarm_hardware_driver' returned '0': PYTHONPATH=/home/rogi4rm/RogiARm_ws/build/rogiarm_hardware_driver/prefix_override:/usr/lib/python3/dist-packages/colcon_core/task/python/colcon_distutils_commands:/home/rogi4rm/RogiARm_ws/install/rogiarm_hardware_driver/lib/python3.12/site-packages:${PYTHONPATH} /usr/bin/python3 -W ignore:setup.py install is deprecated -W ignore:easy_install command is deprecated setup.py egg_info --egg-base ../../build/rogiarm_hardware_driver build --build-base /home/rogi4rm/RogiARm_ws/build/rogiarm_hardware_driver/build install --record /home/rogi4rm/RogiARm_ws/build/rogiarm_hardware_driver/install.log --single-version-externally-managed install_data
