running egg_info
writing ../../build/RogiARm_control/RogiARm_control.egg-info/PKG-INFO
writing dependency_links to ../../build/RogiARm_control/RogiARm_control.egg-info/dependency_links.txt
writing entry points to ../../build/RogiARm_control/RogiARm_control.egg-info/entry_points.txt
writing requirements to ../../build/RogiARm_control/RogiARm_control.egg-info/requires.txt
writing top-level names to ../../build/RogiARm_control/RogiARm_control.egg-info/top_level.txt
reading manifest file '../../build/RogiARm_control/RogiARm_control.egg-info/SOURCES.txt'
writing manifest file '../../build/RogiARm_control/RogiARm_control.egg-info/SOURCES.txt'
running build
running build_py
copying RogiARm_control/keyboard_control_node.py -> /home/rogi4rm/RogiARm_ws/build/RogiARm_control/build/lib/RogiARm_control
running install
running install_lib
copying /home/rogi4rm/RogiARm_ws/build/RogiARm_control/build/lib/RogiARm_control/keyboard_control_node.py -> /home/rogi4rm/RogiARm_ws/install/RogiARm_control/lib/python3.12/site-packages/RogiARm_control
byte-compiling /home/rogi4rm/RogiARm_ws/install/RogiARm_control/lib/python3.12/site-packages/RogiARm_control/keyboard_control_node.py to keyboard_control_node.cpython-312.pyc
running install_data
running install_egg_info
removing '/home/rogi4rm/RogiARm_ws/install/RogiARm_control/lib/python3.12/site-packages/RogiARm_control-0.0.0-py3.12.egg-info' (and everything under it)
Copying ../../build/RogiARm_control/RogiARm_control.egg-info to /home/rogi4rm/RogiARm_ws/install/RogiARm_control/lib/python3.12/site-packages/RogiARm_control-0.0.0-py3.12.egg-info
running install_scripts
Installing keyboard_control_node script to /home/rogi4rm/RogiARm_ws/install/RogiARm_control/lib/RogiARm_control
writing list of installed files to '/home/rogi4rm/RogiARm_ws/build/RogiARm_control/install.log'
