[1.065s] Invoking command in '/home/rogi4rm/RogiARm_ws/src/RogiARm_control': PYTHONPATH=/home/rogi4rm/RogiARm_ws/build/RogiARm_control/prefix_override:/usr/lib/python3/dist-packages/colcon_core/task/python/colcon_distutils_commands:/home/rogi4rm/RogiARm_ws/install/RogiARm_control/lib/python3.12/site-packages:${PYTHONPATH} /usr/bin/python3 -W ignore:setup.py install is deprecated -W ignore:easy_install command is deprecated setup.py egg_info --egg-base ../../build/RogiARm_control build --build-base /home/rogi4rm/RogiARm_ws/build/RogiARm_control/build install --record /home/rogi4rm/RogiARm_ws/build/RogiARm_control/install.log --single-version-externally-managed install_data
[1.375s] running egg_info
[1.393s] writing ../../build/RogiARm_control/RogiARm_control.egg-info/PKG-INFO
[1.394s] writing dependency_links to ../../build/RogiARm_control/RogiARm_control.egg-info/dependency_links.txt
[1.396s] writing entry points to ../../build/RogiARm_control/RogiARm_control.egg-info/entry_points.txt
[1.398s] writing requirements to ../../build/RogiARm_control/RogiARm_control.egg-info/requires.txt
[1.400s] writing top-level names to ../../build/RogiARm_control/RogiARm_control.egg-info/top_level.txt
[1.444s] reading manifest file '../../build/RogiARm_control/RogiARm_control.egg-info/SOURCES.txt'
[1.445s] writing manifest file '../../build/RogiARm_control/RogiARm_control.egg-info/SOURCES.txt'
[1.446s] running build
[1.446s] running build_py
[1.446s] running install
[1.455s] running install_lib
[1.476s] running install_data
[1.476s] running install_egg_info
[1.497s] removing '/home/rogi4rm/RogiARm_ws/install/RogiARm_control/lib/python3.12/site-packages/RogiARm_control-0.0.0-py3.12.egg-info' (and everything under it)
[1.498s] Copying ../../build/RogiARm_control/RogiARm_control.egg-info to /home/rogi4rm/RogiARm_ws/install/RogiARm_control/lib/python3.12/site-packages/RogiARm_control-0.0.0-py3.12.egg-info
[1.499s] running install_scripts
[1.642s] Installing keyboard_control_node script to /home/rogi4rm/RogiARm_ws/install/RogiARm_control/lib/RogiARm_control
[1.642s] writing list of installed files to '/home/rogi4rm/RogiARm_ws/build/RogiARm_control/install.log'
[1.727s] Invoked command in '/home/rogi4rm/RogiARm_ws/src/RogiARm_control' returned '0': PYTHONPATH=/home/rogi4rm/RogiARm_ws/build/RogiARm_control/prefix_override:/usr/lib/python3/dist-packages/colcon_core/task/python/colcon_distutils_commands:/home/rogi4rm/RogiARm_ws/install/RogiARm_control/lib/python3.12/site-packages:${PYTHONPATH} /usr/bin/python3 -W ignore:setup.py install is deprecated -W ignore:easy_install command is deprecated setup.py egg_info --egg-base ../../build/RogiARm_control build --build-base /home/rogi4rm/RogiARm_ws/build/RogiARm_control/build install --record /home/rogi4rm/RogiARm_ws/build/RogiARm_control/install.log --single-version-externally-managed install_data
