running egg_info
creating ../../build/rogiarm_description/rogiarm_description.egg-info
writing ../../build/rogiarm_description/rogiarm_description.egg-info/PKG-INFO
writing dependency_links to ../../build/rogiarm_description/rogiarm_description.egg-info/dependency_links.txt
writing requirements to ../../build/rogiarm_description/rogiarm_description.egg-info/requires.txt
writing top-level names to ../../build/rogiarm_description/rogiarm_description.egg-info/top_level.txt
writing manifest file '../../build/rogiarm_description/rogiarm_description.egg-info/SOURCES.txt'
reading manifest file '../../build/rogiarm_description/rogiarm_description.egg-info/SOURCES.txt'
writing manifest file '../../build/rogiarm_description/rogiarm_description.egg-info/SOURCES.txt'
running build
running build_py
creating /home/rogi4rm/RogiARm_ws/build/rogiarm_description/build
creating /home/rogi4rm/RogiARm_ws/build/rogiarm_description/build/lib
creating /home/rogi4rm/RogiARm_ws/build/rogiarm_description/build/lib/rogiarm_description
copying rogiarm_description/__init__.py -> /home/rogi4rm/RogiARm_ws/build/rogiarm_description/build/lib/rogiarm_description
running install
running install_lib
creating /home/rogi4rm/RogiARm_ws/install/rogiarm_description/lib/python3.12/site-packages/rogiarm_description
copying /home/rogi4rm/RogiARm_ws/build/rogiarm_description/build/lib/rogiarm_description/__init__.py -> /home/rogi4rm/RogiARm_ws/install/rogiarm_description/lib/python3.12/site-packages/rogiarm_description
byte-compiling /home/rogi4rm/RogiARm_ws/install/rogiarm_description/lib/python3.12/site-packages/rogiarm_description/__init__.py to __init__.cpython-312.pyc
running install_data
creating /home/rogi4rm/RogiARm_ws/install/rogiarm_description/share/ament_index
creating /home/rogi4rm/RogiARm_ws/install/rogiarm_description/share/ament_index/resource_index
creating /home/rogi4rm/RogiARm_ws/install/rogiarm_description/share/ament_index/resource_index/packages
copying resource/rogiarm_description -> /home/rogi4rm/RogiARm_ws/install/rogiarm_description/share/ament_index/resource_index/packages
copying package.xml -> /home/rogi4rm/RogiARm_ws/install/rogiarm_description/share/rogiarm_description
creating /home/rogi4rm/RogiARm_ws/install/rogiarm_description/share/rogiarm_description/urdf
copying urdf/rogiarm.urdf.xacro -> /home/rogi4rm/RogiARm_ws/install/rogiarm_description/share/rogiarm_description/urdf
running install_egg_info
Copying ../../build/rogiarm_description/rogiarm_description.egg-info to /home/rogi4rm/RogiARm_ws/install/rogiarm_description/lib/python3.12/site-packages/rogiarm_description-0.0.0-py3.12.egg-info
running install_scripts
writing list of installed files to '/home/rogi4rm/RogiARm_ws/build/rogiarm_description/install.log'
