running egg_info
creating ../../build/rgpio/rgpio.egg-info
writing ../../build/rgpio/rgpio.egg-info/PKG-INFO
writing dependency_links to ../../build/rgpio/rgpio.egg-info/dependency_links.txt
writing top-level names to ../../build/rgpio/rgpio.egg-info/top_level.txt
writing manifest file '../../build/rgpio/rgpio.egg-info/SOURCES.txt'
reading manifest file '../../build/rgpio/rgpio.egg-info/SOURCES.txt'
adding license file 'LICENSE'
writing manifest file '../../build/rgpio/rgpio.egg-info/SOURCES.txt'
running build
running build_py
creating /home/rogi4rm/RogiARm_ws/build/rgpio/build
creating /home/rogi4rm/RogiARm_ws/build/rgpio/build/lib
copying rgpio.py -> /home/rogi4rm/RogiARm_ws/build/rgpio/build/lib
running install
running install_lib
copying /home/rogi4rm/RogiARm_ws/build/rgpio/build/lib/rgpio.py -> /home/rogi4rm/RogiARm_ws/install/rgpio/lib/python3.12/site-packages
byte-compiling /home/rogi4rm/RogiARm_ws/install/rgpio/lib/python3.12/site-packages/rgpio.py to rgpio.cpython-312.pyc
running install_egg_info
Copying ../../build/rgpio/rgpio.egg-info to /home/rogi4rm/RogiARm_ws/install/rgpio/lib/python3.12/site-packages/rgpio-0.2.2.0-py3.12.egg-info
running install_scripts
writing list of installed files to '/home/rogi4rm/RogiARm_ws/build/rgpio/install.log'
