running egg_info
creating ../../build/RogiARm_control/RogiARm_control.egg-info
writing ../../build/RogiARm_control/RogiARm_control.egg-info/PKG-INFO
writing dependency_links to ../../build/RogiARm_control/RogiARm_control.egg-info/dependency_links.txt
writing entry points to ../../build/RogiARm_control/RogiARm_control.egg-info/entry_points.txt
writing requirements to ../../build/RogiARm_control/RogiARm_control.egg-info/requires.txt
writing top-level names to ../../build/RogiARm_control/RogiARm_control.egg-info/top_level.txt
writing manifest file '../../build/RogiARm_control/RogiARm_control.egg-info/SOURCES.txt'
reading manifest file '../../build/RogiARm_control/RogiARm_control.egg-info/SOURCES.txt'
writing manifest file '../../build/RogiARm_control/RogiARm_control.egg-info/SOURCES.txt'
running build
running build_py
creating /home/rogi4rm/RogiARm_ws/build/RogiARm_control/build
creating /home/rogi4rm/RogiARm_ws/build/RogiARm_control/build/lib
creating /home/rogi4rm/RogiARm_ws/build/RogiARm_control/build/lib/RogiARm_control
copying RogiARm_control/keyboard_control.py -> /home/rogi4rm/RogiARm_ws/build/RogiARm_control/build/lib/RogiARm_control
copying RogiARm_control/__init__.py -> /home/rogi4rm/RogiARm_ws/build/RogiARm_control/build/lib/RogiARm_control
running install
running install_lib
creating /home/rogi4rm/RogiARm_ws/install/RogiARm_control/lib/python3.12/site-packages/RogiARm_control
copying /home/rogi4rm/RogiARm_ws/build/RogiARm_control/build/lib/RogiARm_control/keyboard_control.py -> /home/rogi4rm/RogiARm_ws/install/RogiARm_control/lib/python3.12/site-packages/RogiARm_control
copying /home/rogi4rm/RogiARm_ws/build/RogiARm_control/build/lib/RogiARm_control/__init__.py -> /home/rogi4rm/RogiARm_ws/install/RogiARm_control/lib/python3.12/site-packages/RogiARm_control
byte-compiling /home/rogi4rm/RogiARm_ws/install/RogiARm_control/lib/python3.12/site-packages/RogiARm_control/keyboard_control.py to keyboard_control.cpython-312.pyc
byte-compiling /home/rogi4rm/RogiARm_ws/install/RogiARm_control/lib/python3.12/site-packages/RogiARm_control/__init__.py to __init__.cpython-312.pyc
running install_data
creating /home/rogi4rm/RogiARm_ws/install/RogiARm_control/share/ament_index
creating /home/rogi4rm/RogiARm_ws/install/RogiARm_control/share/ament_index/resource_index
creating /home/rogi4rm/RogiARm_ws/install/RogiARm_control/share/ament_index/resource_index/packages
copying resource/RogiARm_control -> /home/rogi4rm/RogiARm_ws/install/RogiARm_control/share/ament_index/resource_index/packages
copying package.xml -> /home/rogi4rm/RogiARm_ws/install/RogiARm_control/share/RogiARm_control
running install_egg_info
Copying ../../build/RogiARm_control/RogiARm_control.egg-info to /home/rogi4rm/RogiARm_ws/install/RogiARm_control/lib/python3.12/site-packages/RogiARm_control-0.0.0-py3.12.egg-info
running install_scripts
Installing keyboard_control script to /home/rogi4rm/RogiARm_ws/install/RogiARm_control/lib/RogiARm_control
writing list of installed files to '/home/rogi4rm/RogiARm_ws/build/RogiARm_control/install.log'
