running egg_info
creating ../../build/rogiarm_bringup/rogiarm_bringup.egg-info
writing ../../build/rogiarm_bringup/rogiarm_bringup.egg-info/PKG-INFO
writing dependency_links to ../../build/rogiarm_bringup/rogiarm_bringup.egg-info/dependency_links.txt
writing requirements to ../../build/rogiarm_bringup/rogiarm_bringup.egg-info/requires.txt
writing top-level names to ../../build/rogiarm_bringup/rogiarm_bringup.egg-info/top_level.txt
writing manifest file '../../build/rogiarm_bringup/rogiarm_bringup.egg-info/SOURCES.txt'
reading manifest file '../../build/rogiarm_bringup/rogiarm_bringup.egg-info/SOURCES.txt'
writing manifest file '../../build/rogiarm_bringup/rogiarm_bringup.egg-info/SOURCES.txt'
running build
running build_py
creating /home/rogi4rm/RogiARm_ws/build/rogiarm_bringup/build
creating /home/rogi4rm/RogiARm_ws/build/rogiarm_bringup/build/lib
creating /home/rogi4rm/RogiARm_ws/build/rogiarm_bringup/build/lib/rogiarm_bringup
copying rogiarm_bringup/__init__.py -> /home/rogi4rm/RogiARm_ws/build/rogiarm_bringup/build/lib/rogiarm_bringup
running install
running install_lib
creating /home/rogi4rm/RogiARm_ws/install/rogiarm_bringup/lib/python3.12/site-packages/rogiarm_bringup
copying /home/rogi4rm/RogiARm_ws/build/rogiarm_bringup/build/lib/rogiarm_bringup/__init__.py -> /home/rogi4rm/RogiARm_ws/install/rogiarm_bringup/lib/python3.12/site-packages/rogiarm_bringup
byte-compiling /home/rogi4rm/RogiARm_ws/install/rogiarm_bringup/lib/python3.12/site-packages/rogiarm_bringup/__init__.py to __init__.cpython-312.pyc
running install_data
creating /home/rogi4rm/RogiARm_ws/install/rogiarm_bringup/share/ament_index
creating /home/rogi4rm/RogiARm_ws/install/rogiarm_bringup/share/ament_index/resource_index
creating /home/rogi4rm/RogiARm_ws/install/rogiarm_bringup/share/ament_index/resource_index/packages
copying resource/rogiarm_bringup -> /home/rogi4rm/RogiARm_ws/install/rogiarm_bringup/share/ament_index/resource_index/packages
copying package.xml -> /home/rogi4rm/RogiARm_ws/install/rogiarm_bringup/share/rogiarm_bringup
creating /home/rogi4rm/RogiARm_ws/install/rogiarm_bringup/share/rogiarm_bringup/launch
copying launch/bringup.launch.py -> /home/rogi4rm/RogiARm_ws/install/rogiarm_bringup/share/rogiarm_bringup/launch
running install_egg_info
Copying ../../build/rogiarm_bringup/rogiarm_bringup.egg-info to /home/rogi4rm/RogiARm_ws/install/rogiarm_bringup/lib/python3.12/site-packages/rogiarm_bringup-0.0.0-py3.12.egg-info
running install_scripts
writing list of installed files to '/home/rogi4rm/RogiARm_ws/build/rogiarm_bringup/install.log'
