[0.682s] DEBUG:colcon:Command line arguments: ['/usr/bin/colcon', 'build']
[0.683s] DEBUG:colcon:Parsed command line arguments: Namespace(log_base=None, log_level=None, verb_name='build', build_base='build', install_base='install', merge_install=False, symlink_install=False, test_result_base=None, continue_on_error=False, executor='parallel', parallel_workers=4, event_handlers=None, ignore_user_meta=False, metas=['./colcon.meta'], base_paths=['.'], packages_ignore=None, packages_ignore_regex=None, paths=None, packages_up_to=None, packages_up_to_regex=None, packages_above=None, packages_above_and_dependencies=None, packages_above_depth=None, packages_select_by_dep=None, packages_skip_by_dep=None, packages_skip_up_to=None, packages_select_build_failed=False, packages_skip_build_finished=False, packages_select_test_failures=False, packages_skip_test_passed=False, packages_select=None, packages_skip=None, packages_select_regex=None, packages_skip_regex=None, packages_start=None, packages_end=None, allow_overriding=[], cmake_args=None, cmake_target=None, cmake_target_skip_unavailable=False, cmake_clean_cache=False, cmake_clean_first=False, cmake_force_configure=False, ament_cmake_args=None, catkin_cmake_args=None, catkin_skip_building_tests=False, verb_parser=<colcon_defaults.argument_parser.defaults.DefaultArgumentsDecorator object at 0xffff804dbdd0>, verb_extension=<colcon_core.verb.build.BuildVerb object at 0xffff806a96d0>, main=<bound method BuildVerb.main of <colcon_core.verb.build.BuildVerb object at 0xffff806a96d0>>)
[0.867s] Level 1:colcon.colcon_core.package_discovery:discover_packages(colcon_meta) check parameters
[0.867s] Level 1:colcon.colcon_core.package_discovery:discover_packages(recursive) check parameters
[0.867s] Level 1:colcon.colcon_core.package_discovery:discover_packages(ignore) check parameters
[0.867s] Level 1:colcon.colcon_core.package_discovery:discover_packages(path) check parameters
[0.867s] Level 1:colcon.colcon_core.package_discovery:discover_packages(colcon_meta) discover
[0.867s] Level 1:colcon.colcon_core.package_discovery:discover_packages(recursive) discover
[0.867s] INFO:colcon.colcon_core.package_discovery:Crawling recursively for packages in '/home/rogi4rm/RogiARm_ws'
[0.867s] Level 1:colcon.colcon_core.package_identification:_identify(.) by extensions ['ignore', 'ignore_ament_install']
[0.868s] Level 1:colcon.colcon_core.package_identification:_identify(.) by extension 'ignore'
[0.868s] Level 1:colcon.colcon_core.package_identification:_identify(.) by extension 'ignore_ament_install'
[0.868s] Level 1:colcon.colcon_core.package_identification:_identify(.) by extensions ['colcon_pkg']
[0.868s] Level 1:colcon.colcon_core.package_identification:_identify(.) by extension 'colcon_pkg'
[0.868s] Level 1:colcon.colcon_core.package_identification:_identify(.) by extensions ['colcon_meta']
[0.868s] Level 1:colcon.colcon_core.package_identification:_identify(.) by extension 'colcon_meta'
[0.868s] Level 1:colcon.colcon_core.package_identification:_identify(.) by extensions ['ros']
[0.868s] Level 1:colcon.colcon_core.package_identification:_identify(.) by extension 'ros'
[0.941s] Level 1:colcon.colcon_core.package_identification:_identify(.) by extensions ['cmake', 'python']
[0.941s] Level 1:colcon.colcon_core.package_identification:_identify(.) by extension 'cmake'
[0.941s] Level 1:colcon.colcon_core.package_identification:_identify(.) by extension 'python'
[0.941s] Level 1:colcon.colcon_core.package_identification:_identify(.) by extensions ['python_setup_py']
[0.941s] Level 1:colcon.colcon_core.package_identification:_identify(.) by extension 'python_setup_py'
[0.941s] Level 1:colcon.colcon_core.package_identification:_identify(build) by extensions ['ignore', 'ignore_ament_install']
[0.941s] Level 1:colcon.colcon_core.package_identification:_identify(build) by extension 'ignore'
[0.942s] Level 1:colcon.colcon_core.package_identification:_identify(build) ignored
[0.942s] Level 1:colcon.colcon_core.package_identification:_identify(install) by extensions ['ignore', 'ignore_ament_install']
[0.942s] Level 1:colcon.colcon_core.package_identification:_identify(install) by extension 'ignore'
[0.942s] Level 1:colcon.colcon_core.package_identification:_identify(install) ignored
[0.942s] Level 1:colcon.colcon_core.package_identification:_identify(lg) by extensions ['ignore', 'ignore_ament_install']
[0.942s] Level 1:colcon.colcon_core.package_identification:_identify(lg) by extension 'ignore'
[0.942s] Level 1:colcon.colcon_core.package_identification:_identify(lg) by extension 'ignore_ament_install'
[0.942s] Level 1:colcon.colcon_core.package_identification:_identify(lg) by extensions ['colcon_pkg']
[0.942s] Level 1:colcon.colcon_core.package_identification:_identify(lg) by extension 'colcon_pkg'
[0.942s] Level 1:colcon.colcon_core.package_identification:_identify(lg) by extensions ['colcon_meta']
[0.942s] Level 1:colcon.colcon_core.package_identification:_identify(lg) by extension 'colcon_meta'
[0.942s] Level 1:colcon.colcon_core.package_identification:_identify(lg) by extensions ['ros']
[0.943s] Level 1:colcon.colcon_core.package_identification:_identify(lg) by extension 'ros'
[0.943s] Level 1:colcon.colcon_core.package_identification:_identify(lg) by extensions ['cmake', 'python']
[0.943s] Level 1:colcon.colcon_core.package_identification:_identify(lg) by extension 'cmake'
[0.943s] Level 1:colcon.colcon_core.package_identification:_identify(lg) by extension 'python'
[0.943s] Level 1:colcon.colcon_core.package_identification:_identify(lg) by extensions ['python_setup_py']
[0.943s] Level 1:colcon.colcon_core.package_identification:_identify(lg) by extension 'python_setup_py'
[0.943s] Level 1:colcon.colcon_core.package_identification:_identify(lg/CFG) by extensions ['ignore', 'ignore_ament_install']
[0.943s] Level 1:colcon.colcon_core.package_identification:_identify(lg/CFG) by extension 'ignore'
[0.943s] Level 1:colcon.colcon_core.package_identification:_identify(lg/CFG) by extension 'ignore_ament_install'
[0.943s] Level 1:colcon.colcon_core.package_identification:_identify(lg/CFG) by extensions ['colcon_pkg']
[0.943s] Level 1:colcon.colcon_core.package_identification:_identify(lg/CFG) by extension 'colcon_pkg'
[0.943s] Level 1:colcon.colcon_core.package_identification:_identify(lg/CFG) by extensions ['colcon_meta']
[0.943s] Level 1:colcon.colcon_core.package_identification:_identify(lg/CFG) by extension 'colcon_meta'
[0.943s] Level 1:colcon.colcon_core.package_identification:_identify(lg/CFG) by extensions ['ros']
[0.943s] Level 1:colcon.colcon_core.package_identification:_identify(lg/CFG) by extension 'ros'
[0.943s] Level 1:colcon.colcon_core.package_identification:_identify(lg/CFG) by extensions ['cmake', 'python']
[0.944s] Level 1:colcon.colcon_core.package_identification:_identify(lg/CFG) by extension 'cmake'
[0.944s] Level 1:colcon.colcon_core.package_identification:_identify(lg/CFG) by extension 'python'
[0.944s] Level 1:colcon.colcon_core.package_identification:_identify(lg/CFG) by extensions ['python_setup_py']
[0.944s] Level 1:colcon.colcon_core.package_identification:_identify(lg/CFG) by extension 'python_setup_py'
[0.944s] Level 1:colcon.colcon_core.package_identification:_identify(lg/CFG/cgi) by extensions ['ignore', 'ignore_ament_install']
[0.944s] Level 1:colcon.colcon_core.package_identification:_identify(lg/CFG/cgi) by extension 'ignore'
[0.944s] Level 1:colcon.colcon_core.package_identification:_identify(lg/CFG/cgi) by extension 'ignore_ament_install'
[0.944s] Level 1:colcon.colcon_core.package_identification:_identify(lg/CFG/cgi) by extensions ['colcon_pkg']
[0.944s] Level 1:colcon.colcon_core.package_identification:_identify(lg/CFG/cgi) by extension 'colcon_pkg'
[0.944s] Level 1:colcon.colcon_core.package_identification:_identify(lg/CFG/cgi) by extensions ['colcon_meta']
[0.944s] Level 1:colcon.colcon_core.package_identification:_identify(lg/CFG/cgi) by extension 'colcon_meta'
[0.944s] Level 1:colcon.colcon_core.package_identification:_identify(lg/CFG/cgi) by extensions ['ros']
[0.944s] Level 1:colcon.colcon_core.package_identification:_identify(lg/CFG/cgi) by extension 'ros'
[0.944s] Level 1:colcon.colcon_core.package_identification:_identify(lg/CFG/cgi) by extensions ['cmake', 'python']
[0.944s] Level 1:colcon.colcon_core.package_identification:_identify(lg/CFG/cgi) by extension 'cmake'
[0.944s] Level 1:colcon.colcon_core.package_identification:_identify(lg/CFG/cgi) by extension 'python'
[0.945s] Level 1:colcon.colcon_core.package_identification:_identify(lg/CFG/cgi) by extensions ['python_setup_py']
[0.945s] Level 1:colcon.colcon_core.package_identification:_identify(lg/CFG/cgi) by extension 'python_setup_py'
[0.945s] Level 1:colcon.colcon_core.package_identification:_identify(lg/DOC) by extensions ['ignore', 'ignore_ament_install']
[0.945s] Level 1:colcon.colcon_core.package_identification:_identify(lg/DOC) by extension 'ignore'
[0.945s] Level 1:colcon.colcon_core.package_identification:_identify(lg/DOC) by extension 'ignore_ament_install'
[0.945s] Level 1:colcon.colcon_core.package_identification:_identify(lg/DOC) by extensions ['colcon_pkg']
[0.945s] Level 1:colcon.colcon_core.package_identification:_identify(lg/DOC) by extension 'colcon_pkg'
[0.945s] Level 1:colcon.colcon_core.package_identification:_identify(lg/DOC) by extensions ['colcon_meta']
[0.945s] Level 1:colcon.colcon_core.package_identification:_identify(lg/DOC) by extension 'colcon_meta'
[0.945s] Level 1:colcon.colcon_core.package_identification:_identify(lg/DOC) by extensions ['ros']
[0.945s] Level 1:colcon.colcon_core.package_identification:_identify(lg/DOC) by extension 'ros'
[0.945s] Level 1:colcon.colcon_core.package_identification:_identify(lg/DOC) by extensions ['cmake', 'python']
[0.945s] Level 1:colcon.colcon_core.package_identification:_identify(lg/DOC) by extension 'cmake'
[0.945s] Level 1:colcon.colcon_core.package_identification:_identify(lg/DOC) by extension 'python'
[0.945s] Level 1:colcon.colcon_core.package_identification:_identify(lg/DOC) by extensions ['python_setup_py']
[0.945s] Level 1:colcon.colcon_core.package_identification:_identify(lg/DOC) by extension 'python_setup_py'
[0.946s] Level 1:colcon.colcon_core.package_identification:_identify(lg/DOC/HTML) by extensions ['ignore', 'ignore_ament_install']
[0.946s] Level 1:colcon.colcon_core.package_identification:_identify(lg/DOC/HTML) by extension 'ignore'
[0.946s] Level 1:colcon.colcon_core.package_identification:_identify(lg/DOC/HTML) by extension 'ignore_ament_install'
[0.946s] Level 1:colcon.colcon_core.package_identification:_identify(lg/DOC/HTML) by extensions ['colcon_pkg']
[0.946s] Level 1:colcon.colcon_core.package_identification:_identify(lg/DOC/HTML) by extension 'colcon_pkg'
[0.946s] Level 1:colcon.colcon_core.package_identification:_identify(lg/DOC/HTML) by extensions ['colcon_meta']
[0.946s] Level 1:colcon.colcon_core.package_identification:_identify(lg/DOC/HTML) by extension 'colcon_meta'
[0.946s] Level 1:colcon.colcon_core.package_identification:_identify(lg/DOC/HTML) by extensions ['ros']
[0.946s] Level 1:colcon.colcon_core.package_identification:_identify(lg/DOC/HTML) by extension 'ros'
[0.946s] Level 1:colcon.colcon_core.package_identification:_identify(lg/DOC/HTML) by extensions ['cmake', 'python']
[0.946s] Level 1:colcon.colcon_core.package_identification:_identify(lg/DOC/HTML) by extension 'cmake'
[0.946s] Level 1:colcon.colcon_core.package_identification:_identify(lg/DOC/HTML) by extension 'python'
[0.946s] Level 1:colcon.colcon_core.package_identification:_identify(lg/DOC/HTML) by extensions ['python_setup_py']
[0.946s] Level 1:colcon.colcon_core.package_identification:_identify(lg/DOC/HTML) by extension 'python_setup_py'
[0.946s] Level 1:colcon.colcon_core.package_identification:_identify(lg/DOC/HTML/EXAMPLES) by extensions ['ignore', 'ignore_ament_install']
[0.946s] Level 1:colcon.colcon_core.package_identification:_identify(lg/DOC/HTML/EXAMPLES) by extension 'ignore'
[0.947s] Level 1:colcon.colcon_core.package_identification:_identify(lg/DOC/HTML/EXAMPLES) by extension 'ignore_ament_install'
[0.947s] Level 1:colcon.colcon_core.package_identification:_identify(lg/DOC/HTML/EXAMPLES) by extensions ['colcon_pkg']
[0.947s] Level 1:colcon.colcon_core.package_identification:_identify(lg/DOC/HTML/EXAMPLES) by extension 'colcon_pkg'
[0.947s] Level 1:colcon.colcon_core.package_identification:_identify(lg/DOC/HTML/EXAMPLES) by extensions ['colcon_meta']
[0.947s] Level 1:colcon.colcon_core.package_identification:_identify(lg/DOC/HTML/EXAMPLES) by extension 'colcon_meta'
[0.947s] Level 1:colcon.colcon_core.package_identification:_identify(lg/DOC/HTML/EXAMPLES) by extensions ['ros']
[0.947s] Level 1:colcon.colcon_core.package_identification:_identify(lg/DOC/HTML/EXAMPLES) by extension 'ros'
[0.947s] Level 1:colcon.colcon_core.package_identification:_identify(lg/DOC/HTML/EXAMPLES) by extensions ['cmake', 'python']
[0.947s] Level 1:colcon.colcon_core.package_identification:_identify(lg/DOC/HTML/EXAMPLES) by extension 'cmake'
[0.947s] Level 1:colcon.colcon_core.package_identification:_identify(lg/DOC/HTML/EXAMPLES) by extension 'python'
[0.947s] Level 1:colcon.colcon_core.package_identification:_identify(lg/DOC/HTML/EXAMPLES) by extensions ['python_setup_py']
[0.947s] Level 1:colcon.colcon_core.package_identification:_identify(lg/DOC/HTML/EXAMPLES) by extension 'python_setup_py'
[0.947s] Level 1:colcon.colcon_core.package_identification:_identify(lg/DOC/HTML/EXAMPLES/lgpio) by extensions ['ignore', 'ignore_ament_install']
[0.947s] Level 1:colcon.colcon_core.package_identification:_identify(lg/DOC/HTML/EXAMPLES/lgpio) by extension 'ignore'
[0.947s] Level 1:colcon.colcon_core.package_identification:_identify(lg/DOC/HTML/EXAMPLES/lgpio) by extension 'ignore_ament_install'
[0.948s] Level 1:colcon.colcon_core.package_identification:_identify(lg/DOC/HTML/EXAMPLES/lgpio) by extensions ['colcon_pkg']
[0.948s] Level 1:colcon.colcon_core.package_identification:_identify(lg/DOC/HTML/EXAMPLES/lgpio) by extension 'colcon_pkg'
[0.948s] Level 1:colcon.colcon_core.package_identification:_identify(lg/DOC/HTML/EXAMPLES/lgpio) by extensions ['colcon_meta']
[0.948s] Level 1:colcon.colcon_core.package_identification:_identify(lg/DOC/HTML/EXAMPLES/lgpio) by extension 'colcon_meta'
[0.948s] Level 1:colcon.colcon_core.package_identification:_identify(lg/DOC/HTML/EXAMPLES/lgpio) by extensions ['ros']
[0.948s] Level 1:colcon.colcon_core.package_identification:_identify(lg/DOC/HTML/EXAMPLES/lgpio) by extension 'ros'
[0.948s] Level 1:colcon.colcon_core.package_identification:_identify(lg/DOC/HTML/EXAMPLES/lgpio) by extensions ['cmake', 'python']
[0.948s] Level 1:colcon.colcon_core.package_identification:_identify(lg/DOC/HTML/EXAMPLES/lgpio) by extension 'cmake'
[0.948s] Level 1:colcon.colcon_core.package_identification:_identify(lg/DOC/HTML/EXAMPLES/lgpio) by extension 'python'
[0.948s] Level 1:colcon.colcon_core.package_identification:_identify(lg/DOC/HTML/EXAMPLES/lgpio) by extensions ['python_setup_py']
[0.948s] Level 1:colcon.colcon_core.package_identification:_identify(lg/DOC/HTML/EXAMPLES/lgpio) by extension 'python_setup_py'
[0.948s] Level 1:colcon.colcon_core.package_identification:_identify(lg/DOC/HTML/EXAMPLES/py_lgpio) by extensions ['ignore', 'ignore_ament_install']
[0.948s] Level 1:colcon.colcon_core.package_identification:_identify(lg/DOC/HTML/EXAMPLES/py_lgpio) by extension 'ignore'
[0.948s] Level 1:colcon.colcon_core.package_identification:_identify(lg/DOC/HTML/EXAMPLES/py_lgpio) by extension 'ignore_ament_install'
[0.949s] Level 1:colcon.colcon_core.package_identification:_identify(lg/DOC/HTML/EXAMPLES/py_lgpio) by extensions ['colcon_pkg']
[0.949s] Level 1:colcon.colcon_core.package_identification:_identify(lg/DOC/HTML/EXAMPLES/py_lgpio) by extension 'colcon_pkg'
[0.949s] Level 1:colcon.colcon_core.package_identification:_identify(lg/DOC/HTML/EXAMPLES/py_lgpio) by extensions ['colcon_meta']
[0.949s] Level 1:colcon.colcon_core.package_identification:_identify(lg/DOC/HTML/EXAMPLES/py_lgpio) by extension 'colcon_meta'
[0.949s] Level 1:colcon.colcon_core.package_identification:_identify(lg/DOC/HTML/EXAMPLES/py_lgpio) by extensions ['ros']
[0.949s] Level 1:colcon.colcon_core.package_identification:_identify(lg/DOC/HTML/EXAMPLES/py_lgpio) by extension 'ros'
[0.949s] Level 1:colcon.colcon_core.package_identification:_identify(lg/DOC/HTML/EXAMPLES/py_lgpio) by extensions ['cmake', 'python']
[0.949s] Level 1:colcon.colcon_core.package_identification:_identify(lg/DOC/HTML/EXAMPLES/py_lgpio) by extension 'cmake'
[0.949s] Level 1:colcon.colcon_core.package_identification:_identify(lg/DOC/HTML/EXAMPLES/py_lgpio) by extension 'python'
[0.949s] Level 1:colcon.colcon_core.package_identification:_identify(lg/DOC/HTML/EXAMPLES/py_lgpio) by extensions ['python_setup_py']
[0.949s] Level 1:colcon.colcon_core.package_identification:_identify(lg/DOC/HTML/EXAMPLES/py_lgpio) by extension 'python_setup_py'
[0.949s] Level 1:colcon.colcon_core.package_identification:_identify(lg/DOC/HTML/EXAMPLES/py_rgpio) by extensions ['ignore', 'ignore_ament_install']
[0.949s] Level 1:colcon.colcon_core.package_identification:_identify(lg/DOC/HTML/EXAMPLES/py_rgpio) by extension 'ignore'
[0.949s] Level 1:colcon.colcon_core.package_identification:_identify(lg/DOC/HTML/EXAMPLES/py_rgpio) by extension 'ignore_ament_install'
[0.949s] Level 1:colcon.colcon_core.package_identification:_identify(lg/DOC/HTML/EXAMPLES/py_rgpio) by extensions ['colcon_pkg']
[0.949s] Level 1:colcon.colcon_core.package_identification:_identify(lg/DOC/HTML/EXAMPLES/py_rgpio) by extension 'colcon_pkg'
[0.950s] Level 1:colcon.colcon_core.package_identification:_identify(lg/DOC/HTML/EXAMPLES/py_rgpio) by extensions ['colcon_meta']
[0.950s] Level 1:colcon.colcon_core.package_identification:_identify(lg/DOC/HTML/EXAMPLES/py_rgpio) by extension 'colcon_meta'
[0.950s] Level 1:colcon.colcon_core.package_identification:_identify(lg/DOC/HTML/EXAMPLES/py_rgpio) by extensions ['ros']
[0.950s] Level 1:colcon.colcon_core.package_identification:_identify(lg/DOC/HTML/EXAMPLES/py_rgpio) by extension 'ros'
[0.950s] Level 1:colcon.colcon_core.package_identification:_identify(lg/DOC/HTML/EXAMPLES/py_rgpio) by extensions ['cmake', 'python']
[0.950s] Level 1:colcon.colcon_core.package_identification:_identify(lg/DOC/HTML/EXAMPLES/py_rgpio) by extension 'cmake'
[0.950s] Level 1:colcon.colcon_core.package_identification:_identify(lg/DOC/HTML/EXAMPLES/py_rgpio) by extension 'python'
[0.950s] Level 1:colcon.colcon_core.package_identification:_identify(lg/DOC/HTML/EXAMPLES/py_rgpio) by extensions ['python_setup_py']
[0.950s] Level 1:colcon.colcon_core.package_identification:_identify(lg/DOC/HTML/EXAMPLES/py_rgpio) by extension 'python_setup_py'
[0.950s] Level 1:colcon.colcon_core.package_identification:_identify(lg/DOC/HTML/EXAMPLES/rgpio) by extensions ['ignore', 'ignore_ament_install']
[0.950s] Level 1:colcon.colcon_core.package_identification:_identify(lg/DOC/HTML/EXAMPLES/rgpio) by extension 'ignore'
[0.950s] Level 1:colcon.colcon_core.package_identification:_identify(lg/DOC/HTML/EXAMPLES/rgpio) by extension 'ignore_ament_install'
[0.950s] Level 1:colcon.colcon_core.package_identification:_identify(lg/DOC/HTML/EXAMPLES/rgpio) by extensions ['colcon_pkg']
[0.950s] Level 1:colcon.colcon_core.package_identification:_identify(lg/DOC/HTML/EXAMPLES/rgpio) by extension 'colcon_pkg'
[0.950s] Level 1:colcon.colcon_core.package_identification:_identify(lg/DOC/HTML/EXAMPLES/rgpio) by extensions ['colcon_meta']
[0.950s] Level 1:colcon.colcon_core.package_identification:_identify(lg/DOC/HTML/EXAMPLES/rgpio) by extension 'colcon_meta'
[0.951s] Level 1:colcon.colcon_core.package_identification:_identify(lg/DOC/HTML/EXAMPLES/rgpio) by extensions ['ros']
[0.951s] Level 1:colcon.colcon_core.package_identification:_identify(lg/DOC/HTML/EXAMPLES/rgpio) by extension 'ros'
[0.951s] Level 1:colcon.colcon_core.package_identification:_identify(lg/DOC/HTML/EXAMPLES/rgpio) by extensions ['cmake', 'python']
[0.951s] Level 1:colcon.colcon_core.package_identification:_identify(lg/DOC/HTML/EXAMPLES/rgpio) by extension 'cmake'
[0.951s] Level 1:colcon.colcon_core.package_identification:_identify(lg/DOC/HTML/EXAMPLES/rgpio) by extension 'python'
[0.951s] Level 1:colcon.colcon_core.package_identification:_identify(lg/DOC/HTML/EXAMPLES/rgpio) by extensions ['python_setup_py']
[0.951s] Level 1:colcon.colcon_core.package_identification:_identify(lg/DOC/HTML/EXAMPLES/rgpio) by extension 'python_setup_py'
[0.951s] Level 1:colcon.colcon_core.package_identification:_identify(lg/DOC/HTML/EXAMPLES/rgs) by extensions ['ignore', 'ignore_ament_install']
[0.951s] Level 1:colcon.colcon_core.package_identification:_identify(lg/DOC/HTML/EXAMPLES/rgs) by extension 'ignore'
[0.951s] Level 1:colcon.colcon_core.package_identification:_identify(lg/DOC/HTML/EXAMPLES/rgs) by extension 'ignore_ament_install'
[0.951s] Level 1:colcon.colcon_core.package_identification:_identify(lg/DOC/HTML/EXAMPLES/rgs) by extensions ['colcon_pkg']
[0.951s] Level 1:colcon.colcon_core.package_identification:_identify(lg/DOC/HTML/EXAMPLES/rgs) by extension 'colcon_pkg'
[0.951s] Level 1:colcon.colcon_core.package_identification:_identify(lg/DOC/HTML/EXAMPLES/rgs) by extensions ['colcon_meta']
[0.951s] Level 1:colcon.colcon_core.package_identification:_identify(lg/DOC/HTML/EXAMPLES/rgs) by extension 'colcon_meta'
[0.951s] Level 1:colcon.colcon_core.package_identification:_identify(lg/DOC/HTML/EXAMPLES/rgs) by extensions ['ros']
[0.951s] Level 1:colcon.colcon_core.package_identification:_identify(lg/DOC/HTML/EXAMPLES/rgs) by extension 'ros'
[0.952s] Level 1:colcon.colcon_core.package_identification:_identify(lg/DOC/HTML/EXAMPLES/rgs) by extensions ['cmake', 'python']
[0.952s] Level 1:colcon.colcon_core.package_identification:_identify(lg/DOC/HTML/EXAMPLES/rgs) by extension 'cmake'
[0.952s] Level 1:colcon.colcon_core.package_identification:_identify(lg/DOC/HTML/EXAMPLES/rgs) by extension 'python'
[0.952s] Level 1:colcon.colcon_core.package_identification:_identify(lg/DOC/HTML/EXAMPLES/rgs) by extensions ['python_setup_py']
[0.952s] Level 1:colcon.colcon_core.package_identification:_identify(lg/DOC/HTML/EXAMPLES/rgs) by extension 'python_setup_py'
[0.952s] Level 1:colcon.colcon_core.package_identification:_identify(lg/DOC/HTML/images) by extensions ['ignore', 'ignore_ament_install']
[0.952s] Level 1:colcon.colcon_core.package_identification:_identify(lg/DOC/HTML/images) by extension 'ignore'
[0.952s] Level 1:colcon.colcon_core.package_identification:_identify(lg/DOC/HTML/images) by extension 'ignore_ament_install'
[0.952s] Level 1:colcon.colcon_core.package_identification:_identify(lg/DOC/HTML/images) by extensions ['colcon_pkg']
[0.952s] Level 1:colcon.colcon_core.package_identification:_identify(lg/DOC/HTML/images) by extension 'colcon_pkg'
[0.952s] Level 1:colcon.colcon_core.package_identification:_identify(lg/DOC/HTML/images) by extensions ['colcon_meta']
[0.952s] Level 1:colcon.colcon_core.package_identification:_identify(lg/DOC/HTML/images) by extension 'colcon_meta'
[0.952s] Level 1:colcon.colcon_core.package_identification:_identify(lg/DOC/HTML/images) by extensions ['ros']
[0.952s] Level 1:colcon.colcon_core.package_identification:_identify(lg/DOC/HTML/images) by extension 'ros'
[0.953s] Level 1:colcon.colcon_core.package_identification:_identify(lg/DOC/HTML/images) by extensions ['cmake', 'python']
[0.953s] Level 1:colcon.colcon_core.package_identification:_identify(lg/DOC/HTML/images) by extension 'cmake'
[0.953s] Level 1:colcon.colcon_core.package_identification:_identify(lg/DOC/HTML/images) by extension 'python'
[0.953s] Level 1:colcon.colcon_core.package_identification:_identify(lg/DOC/HTML/images) by extensions ['python_setup_py']
[0.953s] Level 1:colcon.colcon_core.package_identification:_identify(lg/DOC/HTML/images) by extension 'python_setup_py'
[0.953s] Level 1:colcon.colcon_core.package_identification:_identify(lg/DOC/HTML/scripts) by extensions ['ignore', 'ignore_ament_install']
[0.953s] Level 1:colcon.colcon_core.package_identification:_identify(lg/DOC/HTML/scripts) by extension 'ignore'
[0.953s] Level 1:colcon.colcon_core.package_identification:_identify(lg/DOC/HTML/scripts) by extension 'ignore_ament_install'
[0.953s] Level 1:colcon.colcon_core.package_identification:_identify(lg/DOC/HTML/scripts) by extensions ['colcon_pkg']
[0.953s] Level 1:colcon.colcon_core.package_identification:_identify(lg/DOC/HTML/scripts) by extension 'colcon_pkg'
[0.953s] Level 1:colcon.colcon_core.package_identification:_identify(lg/DOC/HTML/scripts) by extensions ['colcon_meta']
[0.953s] Level 1:colcon.colcon_core.package_identification:_identify(lg/DOC/HTML/scripts) by extension 'colcon_meta'
[0.953s] Level 1:colcon.colcon_core.package_identification:_identify(lg/DOC/HTML/scripts) by extensions ['ros']
[0.953s] Level 1:colcon.colcon_core.package_identification:_identify(lg/DOC/HTML/scripts) by extension 'ros'
[0.953s] Level 1:colcon.colcon_core.package_identification:_identify(lg/DOC/HTML/scripts) by extensions ['cmake', 'python']
[0.953s] Level 1:colcon.colcon_core.package_identification:_identify(lg/DOC/HTML/scripts) by extension 'cmake'
[0.953s] Level 1:colcon.colcon_core.package_identification:_identify(lg/DOC/HTML/scripts) by extension 'python'
[0.953s] Level 1:colcon.colcon_core.package_identification:_identify(lg/DOC/HTML/scripts) by extensions ['python_setup_py']
[0.953s] Level 1:colcon.colcon_core.package_identification:_identify(lg/DOC/HTML/scripts) by extension 'python_setup_py'
[0.954s] Level 1:colcon.colcon_core.package_identification:_identify(lg/DOC/MAN) by extensions ['ignore', 'ignore_ament_install']
[0.954s] Level 1:colcon.colcon_core.package_identification:_identify(lg/DOC/MAN) by extension 'ignore'
[0.954s] Level 1:colcon.colcon_core.package_identification:_identify(lg/DOC/MAN) by extension 'ignore_ament_install'
[0.954s] Level 1:colcon.colcon_core.package_identification:_identify(lg/DOC/MAN) by extensions ['colcon_pkg']
[0.954s] Level 1:colcon.colcon_core.package_identification:_identify(lg/DOC/MAN) by extension 'colcon_pkg'
[0.954s] Level 1:colcon.colcon_core.package_identification:_identify(lg/DOC/MAN) by extensions ['colcon_meta']
[0.954s] Level 1:colcon.colcon_core.package_identification:_identify(lg/DOC/MAN) by extension 'colcon_meta'
[0.954s] Level 1:colcon.colcon_core.package_identification:_identify(lg/DOC/MAN) by extensions ['ros']
[0.954s] Level 1:colcon.colcon_core.package_identification:_identify(lg/DOC/MAN) by extension 'ros'
[0.954s] Level 1:colcon.colcon_core.package_identification:_identify(lg/DOC/MAN) by extensions ['cmake', 'python']
[0.954s] Level 1:colcon.colcon_core.package_identification:_identify(lg/DOC/MAN) by extension 'cmake'
[0.954s] Level 1:colcon.colcon_core.package_identification:_identify(lg/DOC/MAN) by extension 'python'
[0.954s] Level 1:colcon.colcon_core.package_identification:_identify(lg/DOC/MAN) by extensions ['python_setup_py']
[0.954s] Level 1:colcon.colcon_core.package_identification:_identify(lg/DOC/MAN) by extension 'python_setup_py'
[0.954s] Level 1:colcon.colcon_core.package_identification:_identify(lg/DOC/bin) by extensions ['ignore', 'ignore_ament_install']
[0.954s] Level 1:colcon.colcon_core.package_identification:_identify(lg/DOC/bin) by extension 'ignore'
[0.954s] Level 1:colcon.colcon_core.package_identification:_identify(lg/DOC/bin) by extension 'ignore_ament_install'
[0.955s] Level 1:colcon.colcon_core.package_identification:_identify(lg/DOC/bin) by extensions ['colcon_pkg']
[0.955s] Level 1:colcon.colcon_core.package_identification:_identify(lg/DOC/bin) by extension 'colcon_pkg'
[0.955s] Level 1:colcon.colcon_core.package_identification:_identify(lg/DOC/bin) by extensions ['colcon_meta']
[0.955s] Level 1:colcon.colcon_core.package_identification:_identify(lg/DOC/bin) by extension 'colcon_meta'
[0.955s] Level 1:colcon.colcon_core.package_identification:_identify(lg/DOC/bin) by extensions ['ros']
[0.955s] Level 1:colcon.colcon_core.package_identification:_identify(lg/DOC/bin) by extension 'ros'
[0.955s] Level 1:colcon.colcon_core.package_identification:_identify(lg/DOC/bin) by extensions ['cmake', 'python']
[0.955s] Level 1:colcon.colcon_core.package_identification:_identify(lg/DOC/bin) by extension 'cmake'
[0.955s] Level 1:colcon.colcon_core.package_identification:_identify(lg/DOC/bin) by extension 'python'
[0.955s] Level 1:colcon.colcon_core.package_identification:_identify(lg/DOC/bin) by extensions ['python_setup_py']
[0.955s] Level 1:colcon.colcon_core.package_identification:_identify(lg/DOC/bin) by extension 'python_setup_py'
[0.955s] Level 1:colcon.colcon_core.package_identification:_identify(lg/DOC/dbase) by extensions ['ignore', 'ignore_ament_install']
[0.955s] Level 1:colcon.colcon_core.package_identification:_identify(lg/DOC/dbase) by extension 'ignore'
[0.955s] Level 1:colcon.colcon_core.package_identification:_identify(lg/DOC/dbase) by extension 'ignore_ament_install'
[0.955s] Level 1:colcon.colcon_core.package_identification:_identify(lg/DOC/dbase) by extensions ['colcon_pkg']
[0.955s] Level 1:colcon.colcon_core.package_identification:_identify(lg/DOC/dbase) by extension 'colcon_pkg'
[0.955s] Level 1:colcon.colcon_core.package_identification:_identify(lg/DOC/dbase) by extensions ['colcon_meta']
[0.955s] Level 1:colcon.colcon_core.package_identification:_identify(lg/DOC/dbase) by extension 'colcon_meta'
[0.955s] Level 1:colcon.colcon_core.package_identification:_identify(lg/DOC/dbase) by extensions ['ros']
[0.955s] Level 1:colcon.colcon_core.package_identification:_identify(lg/DOC/dbase) by extension 'ros'
[0.956s] Level 1:colcon.colcon_core.package_identification:_identify(lg/DOC/dbase) by extensions ['cmake', 'python']
[0.956s] Level 1:colcon.colcon_core.package_identification:_identify(lg/DOC/dbase) by extension 'cmake'
[0.956s] Level 1:colcon.colcon_core.package_identification:_identify(lg/DOC/dbase) by extension 'python'
[0.956s] Level 1:colcon.colcon_core.package_identification:_identify(lg/DOC/dbase) by extensions ['python_setup_py']
[0.956s] Level 1:colcon.colcon_core.package_identification:_identify(lg/DOC/dbase) by extension 'python_setup_py'
[0.956s] Level 1:colcon.colcon_core.package_identification:_identify(lg/DOC/src) by extensions ['ignore', 'ignore_ament_install']
[0.956s] Level 1:colcon.colcon_core.package_identification:_identify(lg/DOC/src) by extension 'ignore'
[0.956s] Level 1:colcon.colcon_core.package_identification:_identify(lg/DOC/src) by extension 'ignore_ament_install'
[0.956s] Level 1:colcon.colcon_core.package_identification:_identify(lg/DOC/src) by extensions ['colcon_pkg']
[0.956s] Level 1:colcon.colcon_core.package_identification:_identify(lg/DOC/src) by extension 'colcon_pkg'
[0.956s] Level 1:colcon.colcon_core.package_identification:_identify(lg/DOC/src) by extensions ['colcon_meta']
[0.956s] Level 1:colcon.colcon_core.package_identification:_identify(lg/DOC/src) by extension 'colcon_meta'
[0.956s] Level 1:colcon.colcon_core.package_identification:_identify(lg/DOC/src) by extensions ['ros']
[0.956s] Level 1:colcon.colcon_core.package_identification:_identify(lg/DOC/src) by extension 'ros'
[0.956s] Level 1:colcon.colcon_core.package_identification:_identify(lg/DOC/src) by extensions ['cmake', 'python']
[0.956s] Level 1:colcon.colcon_core.package_identification:_identify(lg/DOC/src) by extension 'cmake'
[0.956s] Level 1:colcon.colcon_core.package_identification:_identify(lg/DOC/src) by extension 'python'
[0.956s] Level 1:colcon.colcon_core.package_identification:_identify(lg/DOC/src) by extensions ['python_setup_py']
[0.956s] Level 1:colcon.colcon_core.package_identification:_identify(lg/DOC/src) by extension 'python_setup_py'
[0.957s] Level 1:colcon.colcon_core.package_identification:_identify(lg/DOC/src/defs) by extensions ['ignore', 'ignore_ament_install']
[0.957s] Level 1:colcon.colcon_core.package_identification:_identify(lg/DOC/src/defs) by extension 'ignore'
[0.957s] Level 1:colcon.colcon_core.package_identification:_identify(lg/DOC/src/defs) by extension 'ignore_ament_install'
[0.957s] Level 1:colcon.colcon_core.package_identification:_identify(lg/DOC/src/defs) by extensions ['colcon_pkg']
[0.957s] Level 1:colcon.colcon_core.package_identification:_identify(lg/DOC/src/defs) by extension 'colcon_pkg'
[0.957s] Level 1:colcon.colcon_core.package_identification:_identify(lg/DOC/src/defs) by extensions ['colcon_meta']
[0.957s] Level 1:colcon.colcon_core.package_identification:_identify(lg/DOC/src/defs) by extension 'colcon_meta'
[0.957s] Level 1:colcon.colcon_core.package_identification:_identify(lg/DOC/src/defs) by extensions ['ros']
[0.957s] Level 1:colcon.colcon_core.package_identification:_identify(lg/DOC/src/defs) by extension 'ros'
[0.957s] Level 1:colcon.colcon_core.package_identification:_identify(lg/DOC/src/defs) by extensions ['cmake', 'python']
[0.957s] Level 1:colcon.colcon_core.package_identification:_identify(lg/DOC/src/defs) by extension 'cmake'
[0.957s] Level 1:colcon.colcon_core.package_identification:_identify(lg/DOC/src/defs) by extension 'python'
[0.957s] Level 1:colcon.colcon_core.package_identification:_identify(lg/DOC/src/defs) by extensions ['python_setup_py']
[0.957s] Level 1:colcon.colcon_core.package_identification:_identify(lg/DOC/src/defs) by extension 'python_setup_py'
[0.957s] Level 1:colcon.colcon_core.package_identification:_identify(lg/PY_LGPIO) by extensions ['ignore', 'ignore_ament_install']
[0.957s] Level 1:colcon.colcon_core.package_identification:_identify(lg/PY_LGPIO) by extension 'ignore'
[0.958s] Level 1:colcon.colcon_core.package_identification:_identify(lg/PY_LGPIO) by extension 'ignore_ament_install'
[0.958s] Level 1:colcon.colcon_core.package_identification:_identify(lg/PY_LGPIO) by extensions ['colcon_pkg']
[0.958s] Level 1:colcon.colcon_core.package_identification:_identify(lg/PY_LGPIO) by extension 'colcon_pkg'
[0.958s] Level 1:colcon.colcon_core.package_identification:_identify(lg/PY_LGPIO) by extensions ['colcon_meta']
[0.958s] Level 1:colcon.colcon_core.package_identification:_identify(lg/PY_LGPIO) by extension 'colcon_meta'
[0.958s] Level 1:colcon.colcon_core.package_identification:_identify(lg/PY_LGPIO) by extensions ['ros']
[0.958s] Level 1:colcon.colcon_core.package_identification:_identify(lg/PY_LGPIO) by extension 'ros'
[0.958s] Level 1:colcon.colcon_core.package_identification:_identify(lg/PY_LGPIO) by extensions ['cmake', 'python']
[0.958s] Level 1:colcon.colcon_core.package_identification:_identify(lg/PY_LGPIO) by extension 'cmake'
[0.958s] Level 1:colcon.colcon_core.package_identification:_identify(lg/PY_LGPIO) by extension 'python'
[0.958s] Level 1:colcon.colcon_core.package_identification:_identify(lg/PY_LGPIO) by extensions ['python_setup_py']
[0.958s] Level 1:colcon.colcon_core.package_identification:_identify(lg/PY_LGPIO) by extension 'python_setup_py'
[1.266s] DEBUG:colcon.colcon_core.package_identification:Package 'lg/PY_LGPIO' with type 'python' and name 'lgpio'
[1.267s] Level 1:colcon.colcon_core.package_identification:_identify(lg/PY_RGPIO) by extensions ['ignore', 'ignore_ament_install']
[1.267s] Level 1:colcon.colcon_core.package_identification:_identify(lg/PY_RGPIO) by extension 'ignore'
[1.267s] Level 1:colcon.colcon_core.package_identification:_identify(lg/PY_RGPIO) by extension 'ignore_ament_install'
[1.267s] Level 1:colcon.colcon_core.package_identification:_identify(lg/PY_RGPIO) by extensions ['colcon_pkg']
[1.267s] Level 1:colcon.colcon_core.package_identification:_identify(lg/PY_RGPIO) by extension 'colcon_pkg'
[1.267s] Level 1:colcon.colcon_core.package_identification:_identify(lg/PY_RGPIO) by extensions ['colcon_meta']
[1.267s] Level 1:colcon.colcon_core.package_identification:_identify(lg/PY_RGPIO) by extension 'colcon_meta'
[1.267s] Level 1:colcon.colcon_core.package_identification:_identify(lg/PY_RGPIO) by extensions ['ros']
[1.267s] Level 1:colcon.colcon_core.package_identification:_identify(lg/PY_RGPIO) by extension 'ros'
[1.267s] Level 1:colcon.colcon_core.package_identification:_identify(lg/PY_RGPIO) by extensions ['cmake', 'python']
[1.267s] Level 1:colcon.colcon_core.package_identification:_identify(lg/PY_RGPIO) by extension 'cmake'
[1.267s] Level 1:colcon.colcon_core.package_identification:_identify(lg/PY_RGPIO) by extension 'python'
[1.267s] Level 1:colcon.colcon_core.package_identification:_identify(lg/PY_RGPIO) by extensions ['python_setup_py']
[1.268s] Level 1:colcon.colcon_core.package_identification:_identify(lg/PY_RGPIO) by extension 'python_setup_py'
[1.563s] DEBUG:colcon.colcon_core.package_identification:Package 'lg/PY_RGPIO' with type 'python' and name 'rgpio'
[1.563s] Level 1:colcon.colcon_core.package_identification:_identify(log) by extensions ['ignore', 'ignore_ament_install']
[1.563s] Level 1:colcon.colcon_core.package_identification:_identify(log) by extension 'ignore'
[1.564s] Level 1:colcon.colcon_core.package_identification:_identify(log) ignored
[1.564s] Level 1:colcon.colcon_core.package_identification:_identify(src) by extensions ['ignore', 'ignore_ament_install']
[1.564s] Level 1:colcon.colcon_core.package_identification:_identify(src) by extension 'ignore'
[1.564s] Level 1:colcon.colcon_core.package_identification:_identify(src) by extension 'ignore_ament_install'
[1.564s] Level 1:colcon.colcon_core.package_identification:_identify(src) by extensions ['colcon_pkg']
[1.564s] Level 1:colcon.colcon_core.package_identification:_identify(src) by extension 'colcon_pkg'
[1.564s] Level 1:colcon.colcon_core.package_identification:_identify(src) by extensions ['colcon_meta']
[1.564s] Level 1:colcon.colcon_core.package_identification:_identify(src) by extension 'colcon_meta'
[1.564s] Level 1:colcon.colcon_core.package_identification:_identify(src) by extensions ['ros']
[1.564s] Level 1:colcon.colcon_core.package_identification:_identify(src) by extension 'ros'
[1.564s] Level 1:colcon.colcon_core.package_identification:_identify(src) by extensions ['cmake', 'python']
[1.564s] Level 1:colcon.colcon_core.package_identification:_identify(src) by extension 'cmake'
[1.564s] Level 1:colcon.colcon_core.package_identification:_identify(src) by extension 'python'
[1.564s] Level 1:colcon.colcon_core.package_identification:_identify(src) by extensions ['python_setup_py']
[1.564s] Level 1:colcon.colcon_core.package_identification:_identify(src) by extension 'python_setup_py'
[1.565s] Level 1:colcon.colcon_core.package_identification:_identify(src/RogiARm_control) by extensions ['ignore', 'ignore_ament_install']
[1.565s] Level 1:colcon.colcon_core.package_identification:_identify(src/RogiARm_control) by extension 'ignore'
[1.565s] Level 1:colcon.colcon_core.package_identification:_identify(src/RogiARm_control) by extension 'ignore_ament_install'
[1.565s] Level 1:colcon.colcon_core.package_identification:_identify(src/RogiARm_control) by extensions ['colcon_pkg']
[1.565s] Level 1:colcon.colcon_core.package_identification:_identify(src/RogiARm_control) by extension 'colcon_pkg'
[1.565s] Level 1:colcon.colcon_core.package_identification:_identify(src/RogiARm_control) by extensions ['colcon_meta']
[1.565s] Level 1:colcon.colcon_core.package_identification:_identify(src/RogiARm_control) by extension 'colcon_meta'
[1.565s] Level 1:colcon.colcon_core.package_identification:_identify(src/RogiARm_control) by extensions ['ros']
[1.565s] Level 1:colcon.colcon_core.package_identification:_identify(src/RogiARm_control) by extension 'ros'
[1.572s] DEBUG:colcon.colcon_core.package_identification:Package 'src/RogiARm_control' with type 'ros.ament_python' and name 'RogiARm_control'
[1.573s] Level 1:colcon.colcon_core.package_identification:_identify(src/rogiarm_bringup) by extensions ['ignore', 'ignore_ament_install']
[1.573s] Level 1:colcon.colcon_core.package_identification:_identify(src/rogiarm_bringup) by extension 'ignore'
[1.573s] Level 1:colcon.colcon_core.package_identification:_identify(src/rogiarm_bringup) by extension 'ignore_ament_install'
[1.573s] Level 1:colcon.colcon_core.package_identification:_identify(src/rogiarm_bringup) by extensions ['colcon_pkg']
[1.573s] Level 1:colcon.colcon_core.package_identification:_identify(src/rogiarm_bringup) by extension 'colcon_pkg'
[1.573s] Level 1:colcon.colcon_core.package_identification:_identify(src/rogiarm_bringup) by extensions ['colcon_meta']
[1.573s] Level 1:colcon.colcon_core.package_identification:_identify(src/rogiarm_bringup) by extension 'colcon_meta'
[1.573s] Level 1:colcon.colcon_core.package_identification:_identify(src/rogiarm_bringup) by extensions ['ros']
[1.573s] Level 1:colcon.colcon_core.package_identification:_identify(src/rogiarm_bringup) by extension 'ros'
[1.578s] DEBUG:colcon.colcon_core.package_identification:Package 'src/rogiarm_bringup' with type 'ros.ament_python' and name 'rogiarm_bringup'
[1.578s] Level 1:colcon.colcon_core.package_identification:_identify(src/rogiarm_description) by extensions ['ignore', 'ignore_ament_install']
[1.579s] Level 1:colcon.colcon_core.package_identification:_identify(src/rogiarm_description) by extension 'ignore'
[1.579s] Level 1:colcon.colcon_core.package_identification:_identify(src/rogiarm_description) by extension 'ignore_ament_install'
[1.579s] Level 1:colcon.colcon_core.package_identification:_identify(src/rogiarm_description) by extensions ['colcon_pkg']
[1.579s] Level 1:colcon.colcon_core.package_identification:_identify(src/rogiarm_description) by extension 'colcon_pkg'
[1.579s] Level 1:colcon.colcon_core.package_identification:_identify(src/rogiarm_description) by extensions ['colcon_meta']
[1.579s] Level 1:colcon.colcon_core.package_identification:_identify(src/rogiarm_description) by extension 'colcon_meta'
[1.579s] Level 1:colcon.colcon_core.package_identification:_identify(src/rogiarm_description) by extensions ['ros']
[1.579s] Level 1:colcon.colcon_core.package_identification:_identify(src/rogiarm_description) by extension 'ros'
[1.581s] DEBUG:colcon.colcon_core.package_identification:Package 'src/rogiarm_description' with type 'ros.ament_python' and name 'rogiarm_description'
[1.581s] Level 1:colcon.colcon_core.package_identification:_identify(src/rogiarm_hardware_driver) by extensions ['ignore', 'ignore_ament_install']
[1.581s] Level 1:colcon.colcon_core.package_identification:_identify(src/rogiarm_hardware_driver) by extension 'ignore'
[1.581s] Level 1:colcon.colcon_core.package_identification:_identify(src/rogiarm_hardware_driver) by extension 'ignore_ament_install'
[1.581s] Level 1:colcon.colcon_core.package_identification:_identify(src/rogiarm_hardware_driver) by extensions ['colcon_pkg']
[1.581s] Level 1:colcon.colcon_core.package_identification:_identify(src/rogiarm_hardware_driver) by extension 'colcon_pkg'
[1.581s] Level 1:colcon.colcon_core.package_identification:_identify(src/rogiarm_hardware_driver) by extensions ['colcon_meta']
[1.581s] Level 1:colcon.colcon_core.package_identification:_identify(src/rogiarm_hardware_driver) by extension 'colcon_meta'
[1.582s] Level 1:colcon.colcon_core.package_identification:_identify(src/rogiarm_hardware_driver) by extensions ['ros']
[1.582s] Level 1:colcon.colcon_core.package_identification:_identify(src/rogiarm_hardware_driver) by extension 'ros'
[1.583s] DEBUG:colcon.colcon_core.package_identification:Package 'src/rogiarm_hardware_driver' with type 'ros.ament_python' and name 'rogiarm_hardware_driver'
[1.583s] Level 1:colcon.colcon_core.package_discovery:discover_packages(recursive) using defaults
[1.583s] Level 1:colcon.colcon_core.package_discovery:discover_packages(ignore) discover
[1.583s] Level 1:colcon.colcon_core.package_discovery:discover_packages(ignore) using defaults
[1.583s] Level 1:colcon.colcon_core.package_discovery:discover_packages(path) discover
[1.583s] Level 1:colcon.colcon_core.package_discovery:discover_packages(path) using defaults
[1.642s] Level 1:colcon.colcon_core.package_discovery:discover_packages(prefix_path) check parameters
[1.642s] Level 1:colcon.colcon_core.package_discovery:discover_packages(prefix_path) discover
[1.652s] DEBUG:colcon.colcon_installed_package_information.package_discovery:Found 193 installed packages in /opt/ros/jazzy
[1.653s] Level 1:colcon.colcon_core.package_discovery:discover_packages(prefix_path) using defaults
[1.699s] Level 5:colcon.colcon_core.verb:set package 'RogiARm_control' build argument 'cmake_args' from command line to 'None'
[1.699s] Level 5:colcon.colcon_core.verb:set package 'RogiARm_control' build argument 'cmake_target' from command line to 'None'
[1.699s] Level 5:colcon.colcon_core.verb:set package 'RogiARm_control' build argument 'cmake_target_skip_unavailable' from command line to 'False'
[1.699s] Level 5:colcon.colcon_core.verb:set package 'RogiARm_control' build argument 'cmake_clean_cache' from command line to 'False'
[1.699s] Level 5:colcon.colcon_core.verb:set package 'RogiARm_control' build argument 'cmake_clean_first' from command line to 'False'
[1.699s] Level 5:colcon.colcon_core.verb:set package 'RogiARm_control' build argument 'cmake_force_configure' from command line to 'False'
[1.699s] Level 5:colcon.colcon_core.verb:set package 'RogiARm_control' build argument 'ament_cmake_args' from command line to 'None'
[1.699s] Level 5:colcon.colcon_core.verb:set package 'RogiARm_control' build argument 'catkin_cmake_args' from command line to 'None'
[1.699s] Level 5:colcon.colcon_core.verb:set package 'RogiARm_control' build argument 'catkin_skip_building_tests' from command line to 'False'
[1.699s] DEBUG:colcon.colcon_core.verb:Building package 'RogiARm_control' with the following arguments: {'ament_cmake_args': None, 'build_base': '/home/rogi4rm/RogiARm_ws/build/RogiARm_control', 'catkin_cmake_args': None, 'catkin_skip_building_tests': False, 'cmake_args': None, 'cmake_clean_cache': False, 'cmake_clean_first': False, 'cmake_force_configure': False, 'cmake_target': None, 'cmake_target_skip_unavailable': False, 'install_base': '/home/rogi4rm/RogiARm_ws/install/RogiARm_control', 'merge_install': False, 'path': '/home/rogi4rm/RogiARm_ws/src/RogiARm_control', 'symlink_install': False, 'test_result_base': None}
[1.700s] Level 5:colcon.colcon_core.verb:set package 'lgpio' build argument 'cmake_args' from command line to 'None'
[1.700s] Level 5:colcon.colcon_core.verb:set package 'lgpio' build argument 'cmake_target' from command line to 'None'
[1.700s] Level 5:colcon.colcon_core.verb:set package 'lgpio' build argument 'cmake_target_skip_unavailable' from command line to 'False'
[1.700s] Level 5:colcon.colcon_core.verb:set package 'lgpio' build argument 'cmake_clean_cache' from command line to 'False'
[1.700s] Level 5:colcon.colcon_core.verb:set package 'lgpio' build argument 'cmake_clean_first' from command line to 'False'
[1.700s] Level 5:colcon.colcon_core.verb:set package 'lgpio' build argument 'cmake_force_configure' from command line to 'False'
[1.700s] Level 5:colcon.colcon_core.verb:set package 'lgpio' build argument 'ament_cmake_args' from command line to 'None'
[1.700s] Level 5:colcon.colcon_core.verb:set package 'lgpio' build argument 'catkin_cmake_args' from command line to 'None'
[1.700s] Level 5:colcon.colcon_core.verb:set package 'lgpio' build argument 'catkin_skip_building_tests' from command line to 'False'
[1.700s] DEBUG:colcon.colcon_core.verb:Building package 'lgpio' with the following arguments: {'ament_cmake_args': None, 'build_base': '/home/rogi4rm/RogiARm_ws/build/lgpio', 'catkin_cmake_args': None, 'catkin_skip_building_tests': False, 'cmake_args': None, 'cmake_clean_cache': False, 'cmake_clean_first': False, 'cmake_force_configure': False, 'cmake_target': None, 'cmake_target_skip_unavailable': False, 'install_base': '/home/rogi4rm/RogiARm_ws/install/lgpio', 'merge_install': False, 'path': '/home/rogi4rm/RogiARm_ws/lg/PY_LGPIO', 'symlink_install': False, 'test_result_base': None}
[1.700s] Level 5:colcon.colcon_core.verb:set package 'rgpio' build argument 'cmake_args' from command line to 'None'
[1.701s] Level 5:colcon.colcon_core.verb:set package 'rgpio' build argument 'cmake_target' from command line to 'None'
[1.701s] Level 5:colcon.colcon_core.verb:set package 'rgpio' build argument 'cmake_target_skip_unavailable' from command line to 'False'
[1.701s] Level 5:colcon.colcon_core.verb:set package 'rgpio' build argument 'cmake_clean_cache' from command line to 'False'
[1.701s] Level 5:colcon.colcon_core.verb:set package 'rgpio' build argument 'cmake_clean_first' from command line to 'False'
[1.701s] Level 5:colcon.colcon_core.verb:set package 'rgpio' build argument 'cmake_force_configure' from command line to 'False'
[1.701s] Level 5:colcon.colcon_core.verb:set package 'rgpio' build argument 'ament_cmake_args' from command line to 'None'
[1.701s] Level 5:colcon.colcon_core.verb:set package 'rgpio' build argument 'catkin_cmake_args' from command line to 'None'
[1.701s] Level 5:colcon.colcon_core.verb:set package 'rgpio' build argument 'catkin_skip_building_tests' from command line to 'False'
[1.701s] DEBUG:colcon.colcon_core.verb:Building package 'rgpio' with the following arguments: {'ament_cmake_args': None, 'build_base': '/home/rogi4rm/RogiARm_ws/build/rgpio', 'catkin_cmake_args': None, 'catkin_skip_building_tests': False, 'cmake_args': None, 'cmake_clean_cache': False, 'cmake_clean_first': False, 'cmake_force_configure': False, 'cmake_target': None, 'cmake_target_skip_unavailable': False, 'install_base': '/home/rogi4rm/RogiARm_ws/install/rgpio', 'merge_install': False, 'path': '/home/rogi4rm/RogiARm_ws/lg/PY_RGPIO', 'symlink_install': False, 'test_result_base': None}
[1.701s] Level 5:colcon.colcon_core.verb:set package 'rogiarm_bringup' build argument 'cmake_args' from command line to 'None'
[1.701s] Level 5:colcon.colcon_core.verb:set package 'rogiarm_bringup' build argument 'cmake_target' from command line to 'None'
[1.701s] Level 5:colcon.colcon_core.verb:set package 'rogiarm_bringup' build argument 'cmake_target_skip_unavailable' from command line to 'False'
[1.701s] Level 5:colcon.colcon_core.verb:set package 'rogiarm_bringup' build argument 'cmake_clean_cache' from command line to 'False'
[1.701s] Level 5:colcon.colcon_core.verb:set package 'rogiarm_bringup' build argument 'cmake_clean_first' from command line to 'False'
[1.701s] Level 5:colcon.colcon_core.verb:set package 'rogiarm_bringup' build argument 'cmake_force_configure' from command line to 'False'
[1.701s] Level 5:colcon.colcon_core.verb:set package 'rogiarm_bringup' build argument 'ament_cmake_args' from command line to 'None'
[1.701s] Level 5:colcon.colcon_core.verb:set package 'rogiarm_bringup' build argument 'catkin_cmake_args' from command line to 'None'
[1.701s] Level 5:colcon.colcon_core.verb:set package 'rogiarm_bringup' build argument 'catkin_skip_building_tests' from command line to 'False'
[1.701s] DEBUG:colcon.colcon_core.verb:Building package 'rogiarm_bringup' with the following arguments: {'ament_cmake_args': None, 'build_base': '/home/rogi4rm/RogiARm_ws/build/rogiarm_bringup', 'catkin_cmake_args': None, 'catkin_skip_building_tests': False, 'cmake_args': None, 'cmake_clean_cache': False, 'cmake_clean_first': False, 'cmake_force_configure': False, 'cmake_target': None, 'cmake_target_skip_unavailable': False, 'install_base': '/home/rogi4rm/RogiARm_ws/install/rogiarm_bringup', 'merge_install': False, 'path': '/home/rogi4rm/RogiARm_ws/src/rogiarm_bringup', 'symlink_install': False, 'test_result_base': None}
[1.702s] Level 5:colcon.colcon_core.verb:set package 'rogiarm_description' build argument 'cmake_args' from command line to 'None'
[1.702s] Level 5:colcon.colcon_core.verb:set package 'rogiarm_description' build argument 'cmake_target' from command line to 'None'
[1.702s] Level 5:colcon.colcon_core.verb:set package 'rogiarm_description' build argument 'cmake_target_skip_unavailable' from command line to 'False'
[1.702s] Level 5:colcon.colcon_core.verb:set package 'rogiarm_description' build argument 'cmake_clean_cache' from command line to 'False'
[1.702s] Level 5:colcon.colcon_core.verb:set package 'rogiarm_description' build argument 'cmake_clean_first' from command line to 'False'
[1.702s] Level 5:colcon.colcon_core.verb:set package 'rogiarm_description' build argument 'cmake_force_configure' from command line to 'False'
[1.702s] Level 5:colcon.colcon_core.verb:set package 'rogiarm_description' build argument 'ament_cmake_args' from command line to 'None'
[1.702s] Level 5:colcon.colcon_core.verb:set package 'rogiarm_description' build argument 'catkin_cmake_args' from command line to 'None'
[1.702s] Level 5:colcon.colcon_core.verb:set package 'rogiarm_description' build argument 'catkin_skip_building_tests' from command line to 'False'
[1.702s] DEBUG:colcon.colcon_core.verb:Building package 'rogiarm_description' with the following arguments: {'ament_cmake_args': None, 'build_base': '/home/rogi4rm/RogiARm_ws/build/rogiarm_description', 'catkin_cmake_args': None, 'catkin_skip_building_tests': False, 'cmake_args': None, 'cmake_clean_cache': False, 'cmake_clean_first': False, 'cmake_force_configure': False, 'cmake_target': None, 'cmake_target_skip_unavailable': False, 'install_base': '/home/rogi4rm/RogiARm_ws/install/rogiarm_description', 'merge_install': False, 'path': '/home/rogi4rm/RogiARm_ws/src/rogiarm_description', 'symlink_install': False, 'test_result_base': None}
[1.702s] Level 5:colcon.colcon_core.verb:set package 'rogiarm_hardware_driver' build argument 'cmake_args' from command line to 'None'
[1.702s] Level 5:colcon.colcon_core.verb:set package 'rogiarm_hardware_driver' build argument 'cmake_target' from command line to 'None'
[1.702s] Level 5:colcon.colcon_core.verb:set package 'rogiarm_hardware_driver' build argument 'cmake_target_skip_unavailable' from command line to 'False'
[1.702s] Level 5:colcon.colcon_core.verb:set package 'rogiarm_hardware_driver' build argument 'cmake_clean_cache' from command line to 'False'
[1.702s] Level 5:colcon.colcon_core.verb:set package 'rogiarm_hardware_driver' build argument 'cmake_clean_first' from command line to 'False'
[1.702s] Level 5:colcon.colcon_core.verb:set package 'rogiarm_hardware_driver' build argument 'cmake_force_configure' from command line to 'False'
[1.702s] Level 5:colcon.colcon_core.verb:set package 'rogiarm_hardware_driver' build argument 'ament_cmake_args' from command line to 'None'
[1.702s] Level 5:colcon.colcon_core.verb:set package 'rogiarm_hardware_driver' build argument 'catkin_cmake_args' from command line to 'None'
[1.702s] Level 5:colcon.colcon_core.verb:set package 'rogiarm_hardware_driver' build argument 'catkin_skip_building_tests' from command line to 'False'
[1.702s] DEBUG:colcon.colcon_core.verb:Building package 'rogiarm_hardware_driver' with the following arguments: {'ament_cmake_args': None, 'build_base': '/home/rogi4rm/RogiARm_ws/build/rogiarm_hardware_driver', 'catkin_cmake_args': None, 'catkin_skip_building_tests': False, 'cmake_args': None, 'cmake_clean_cache': False, 'cmake_clean_first': False, 'cmake_force_configure': False, 'cmake_target': None, 'cmake_target_skip_unavailable': False, 'install_base': '/home/rogi4rm/RogiARm_ws/install/rogiarm_hardware_driver', 'merge_install': False, 'path': '/home/rogi4rm/RogiARm_ws/src/rogiarm_hardware_driver', 'symlink_install': False, 'test_result_base': None}
[1.702s] INFO:colcon.colcon_core.executor:Executing jobs using 'parallel' executor
[1.704s] DEBUG:colcon.colcon_parallel_executor.executor.parallel:run_until_complete
[1.704s] INFO:colcon.colcon_ros.task.ament_python.build:Building ROS package in '/home/rogi4rm/RogiARm_ws/src/RogiARm_control' with build type 'ament_python'
[1.705s] Level 1:colcon.colcon_core.shell:create_environment_hook('RogiARm_control', 'ament_prefix_path')
[1.721s] INFO:colcon.colcon_core.plugin_system:Skipping extension 'colcon_core.shell.bat': Not used on non-Windows systems
[1.721s] INFO:colcon.colcon_core.shell:Creating environment hook '/home/rogi4rm/RogiARm_ws/install/RogiARm_control/share/RogiARm_control/hook/ament_prefix_path.ps1'
[1.724s] INFO:colcon.colcon_core.shell:Creating environment descriptor '/home/rogi4rm/RogiARm_ws/install/RogiARm_control/share/RogiARm_control/hook/ament_prefix_path.dsv'
[1.730s] INFO:colcon.colcon_core.shell:Creating environment hook '/home/rogi4rm/RogiARm_ws/install/RogiARm_control/share/RogiARm_control/hook/ament_prefix_path.sh'
[1.734s] INFO:colcon.colcon_core.shell:Skip shell extension 'powershell' for command environment: Not usable outside of PowerShell
[1.734s] DEBUG:colcon.colcon_core.shell:Skip shell extension 'dsv' for command environment
[1.739s] INFO:colcon.colcon_core.task.python.build:Building Python package in '/home/rogi4rm/RogiARm_ws/lg/PY_LGPIO'
[1.740s] INFO:colcon.colcon_core.shell:Skip shell extension 'powershell' for command environment: Not usable outside of PowerShell
[1.740s] DEBUG:colcon.colcon_core.shell:Skip shell extension 'dsv' for command environment
[1.744s] INFO:colcon.colcon_core.task.python.build:Building Python package in '/home/rogi4rm/RogiARm_ws/lg/PY_RGPIO'
[1.744s] INFO:colcon.colcon_core.shell:Skip shell extension 'powershell' for command environment: Not usable outside of PowerShell
[1.745s] DEBUG:colcon.colcon_core.shell:Skip shell extension 'dsv' for command environment
[1.749s] INFO:colcon.colcon_ros.task.ament_python.build:Building ROS package in '/home/rogi4rm/RogiARm_ws/src/rogiarm_bringup' with build type 'ament_python'
[1.749s] Level 1:colcon.colcon_core.shell:create_environment_hook('rogiarm_bringup', 'ament_prefix_path')
[1.750s] INFO:colcon.colcon_core.shell:Creating environment hook '/home/rogi4rm/RogiARm_ws/install/rogiarm_bringup/share/rogiarm_bringup/hook/ament_prefix_path.ps1'
[1.751s] INFO:colcon.colcon_core.shell:Creating environment descriptor '/home/rogi4rm/RogiARm_ws/install/rogiarm_bringup/share/rogiarm_bringup/hook/ament_prefix_path.dsv'
[1.753s] INFO:colcon.colcon_core.shell:Creating environment hook '/home/rogi4rm/RogiARm_ws/install/rogiarm_bringup/share/rogiarm_bringup/hook/ament_prefix_path.sh'
[1.755s] INFO:colcon.colcon_core.shell:Skip shell extension 'powershell' for command environment: Not usable outside of PowerShell
[1.755s] DEBUG:colcon.colcon_core.shell:Skip shell extension 'dsv' for command environment
[2.069s] INFO:colcon.colcon_core.task.python.build:Building Python package in '/home/rogi4rm/RogiARm_ws/src/RogiARm_control'
[2.070s] INFO:colcon.colcon_core.shell:Skip shell extension 'powershell' for command environment: Not usable outside of PowerShell
[2.070s] DEBUG:colcon.colcon_core.shell:Skip shell extension 'dsv' for command environment
[3.118s] INFO:colcon.colcon_core.task.python.build:Building Python package in '/home/rogi4rm/RogiARm_ws/src/rogiarm_bringup'
[3.119s] INFO:colcon.colcon_core.shell:Skip shell extension 'powershell' for command environment: Not usable outside of PowerShell
[3.119s] DEBUG:colcon.colcon_core.shell:Skip shell extension 'dsv' for command environment
[4.671s] DEBUG:colcon.colcon_core.event_handler.log_command:Invoking command in '/home/rogi4rm/RogiARm_ws/lg/PY_LGPIO': PYTHONPATH=/home/rogi4rm/RogiARm_ws/build/lgpio/prefix_override:/usr/lib/python3/dist-packages/colcon_core/task/python/colcon_distutils_commands:/home/rogi4rm/RogiARm_ws/install/lgpio/lib/python3.12/site-packages:${PYTHONPATH} /usr/bin/python3 -W ignore:setup.py install is deprecated -W ignore:easy_install command is deprecated setup.py egg_info --egg-base ../../build/lgpio build --build-base /home/rogi4rm/RogiARm_ws/build/lgpio/build install --record /home/rogi4rm/RogiARm_ws/build/lgpio/install.log --single-version-externally-managed
[4.704s] DEBUG:colcon.colcon_core.event_handler.log_command:Invoking command in '/home/rogi4rm/RogiARm_ws/src/RogiARm_control': PYTHONPATH=/home/rogi4rm/RogiARm_ws/build/RogiARm_control/prefix_override:/usr/lib/python3/dist-packages/colcon_core/task/python/colcon_distutils_commands:/home/rogi4rm/RogiARm_ws/install/RogiARm_control/lib/python3.12/site-packages:${PYTHONPATH} /usr/bin/python3 -W ignore:setup.py install is deprecated -W ignore:easy_install command is deprecated setup.py egg_info --egg-base ../../build/RogiARm_control build --build-base /home/rogi4rm/RogiARm_ws/build/RogiARm_control/build install --record /home/rogi4rm/RogiARm_ws/build/RogiARm_control/install.log --single-version-externally-managed install_data
[4.715s] DEBUG:colcon.colcon_core.event_handler.log_command:Invoking command in '/home/rogi4rm/RogiARm_ws/src/rogiarm_bringup': PYTHONPATH=/home/rogi4rm/RogiARm_ws/build/rogiarm_bringup/prefix_override:/usr/lib/python3/dist-packages/colcon_core/task/python/colcon_distutils_commands:/home/rogi4rm/RogiARm_ws/install/rogiarm_bringup/lib/python3.12/site-packages:${PYTHONPATH} /usr/bin/python3 -W ignore:setup.py install is deprecated -W ignore:easy_install command is deprecated setup.py egg_info --egg-base ../../build/rogiarm_bringup build --build-base /home/rogi4rm/RogiARm_ws/build/rogiarm_bringup/build install --record /home/rogi4rm/RogiARm_ws/build/rogiarm_bringup/install.log --single-version-externally-managed install_data
[4.722s] DEBUG:colcon.colcon_core.event_handler.log_command:Invoking command in '/home/rogi4rm/RogiARm_ws/lg/PY_RGPIO': PYTHONPATH=/home/rogi4rm/RogiARm_ws/build/rgpio/prefix_override:/usr/lib/python3/dist-packages/colcon_core/task/python/colcon_distutils_commands:/home/rogi4rm/RogiARm_ws/install/rgpio/lib/python3.12/site-packages:${PYTHONPATH} /usr/bin/python3 -W ignore:setup.py install is deprecated -W ignore:easy_install command is deprecated setup.py egg_info --egg-base ../../build/rgpio build --build-base /home/rogi4rm/RogiARm_ws/build/rgpio/build install --record /home/rogi4rm/RogiARm_ws/build/rgpio/install.log --single-version-externally-managed
[5.448s] DEBUG:colcon.colcon_core.event_handler.log_command:Invoked command in '/home/rogi4rm/RogiARm_ws/lg/PY_LGPIO' returned '1': PYTHONPATH=/home/rogi4rm/RogiARm_ws/build/lgpio/prefix_override:/usr/lib/python3/dist-packages/colcon_core/task/python/colcon_distutils_commands:/home/rogi4rm/RogiARm_ws/install/lgpio/lib/python3.12/site-packages:${PYTHONPATH} /usr/bin/python3 -W ignore:setup.py install is deprecated -W ignore:easy_install command is deprecated setup.py egg_info --egg-base ../../build/lgpio build --build-base /home/rogi4rm/RogiARm_ws/build/lgpio/build install --record /home/rogi4rm/RogiARm_ws/build/lgpio/install.log --single-version-externally-managed
[5.882s] DEBUG:colcon.colcon_parallel_executor.executor.parallel:closing loop
[5.883s] DEBUG:colcon.colcon_parallel_executor.executor.parallel:loop closed
[5.883s] DEBUG:colcon.colcon_parallel_executor.executor.parallel:run_until_complete finished with '1'
[5.883s] DEBUG:colcon.colcon_core.event_reactor:joining thread
[5.898s] INFO:colcon.colcon_core.plugin_system:Skipping extension 'colcon_notification.desktop_notification.notify_send': Could not find 'notify-send'
[5.898s] INFO:colcon.colcon_core.plugin_system:Skipping extension 'colcon_notification.desktop_notification.terminal_notifier': Not used on non-Darwin systems
[5.898s] INFO:colcon.colcon_core.plugin_system:Skipping extension 'colcon_notification.desktop_notification.win32': Not used on non-Windows systems
[5.898s] INFO:colcon.colcon_notification.desktop_notification:Sending desktop notification using 'notify2'
[5.927s] DEBUG:colcon.colcon_notification.desktop_notification.notify2:Failed to initialize notify2: org.freedesktop.DBus.Error.ServiceUnknown: The name org.freedesktop.Notifications was not provided by any .service files
[5.927s] DEBUG:colcon.colcon_core.event_reactor:joined thread
[5.928s] INFO:colcon.colcon_core.shell:Creating prefix script '/home/rogi4rm/RogiARm_ws/install/local_setup.ps1'
[5.930s] INFO:colcon.colcon_core.shell:Creating prefix util module '/home/rogi4rm/RogiARm_ws/install/_local_setup_util_ps1.py'
[5.935s] INFO:colcon.colcon_core.shell:Creating prefix chain script '/home/rogi4rm/RogiARm_ws/install/setup.ps1'
[5.938s] INFO:colcon.colcon_core.shell:Creating prefix script '/home/rogi4rm/RogiARm_ws/install/local_setup.sh'
[5.942s] INFO:colcon.colcon_core.shell:Creating prefix util module '/home/rogi4rm/RogiARm_ws/install/_local_setup_util_sh.py'
[5.944s] INFO:colcon.colcon_core.shell:Creating prefix chain script '/home/rogi4rm/RogiARm_ws/install/setup.sh'
[5.948s] INFO:colcon.colcon_core.shell:Creating prefix script '/home/rogi4rm/RogiARm_ws/install/local_setup.bash'
[5.953s] INFO:colcon.colcon_core.shell:Creating prefix chain script '/home/rogi4rm/RogiARm_ws/install/setup.bash'
[5.957s] INFO:colcon.colcon_core.shell:Creating prefix script '/home/rogi4rm/RogiARm_ws/install/local_setup.zsh'
[5.961s] INFO:colcon.colcon_core.shell:Creating prefix chain script '/home/rogi4rm/RogiARm_ws/install/setup.zsh'
