[1.621s] Invoking command in '/home/rogi4rm/RogiARm_ws/lg/PY_LGPIO': PYTHONPATH=/home/rogi4rm/RogiARm_ws/build/lgpio/prefix_override:/usr/lib/python3/dist-packages/colcon_core/task/python/colcon_distutils_commands:/home/rogi4rm/RogiARm_ws/install/lgpio/lib/python3.12/site-packages:${PYTHONPATH} /usr/bin/python3 -W ignore:setup.py install is deprecated -W ignore:easy_install command is deprecated setup.py egg_info --egg-base ../../build/lgpio build --build-base /home/rogi4rm/RogiARm_ws/build/lgpio/build install --record /home/rogi4rm/RogiARm_ws/build/lgpio/install.log --single-version-externally-managed
[2.066s] running egg_info
[2.072s] creating ../../build/lgpio/lgpio.egg-info
[2.103s] writing ../../build/lgpio/lgpio.egg-info/PKG-INFO
[2.105s] writing dependency_links to ../../build/lgpio/lgpio.egg-info/dependency_links.txt
[2.107s] writing top-level names to ../../build/lgpio/lgpio.egg-info/top_level.txt
[2.109s] writing manifest file '../../build/lgpio/lgpio.egg-info/SOURCES.txt'
[2.113s] file lgpio.py (for module lgpio) not found
[2.166s] reading manifest file '../../build/lgpio/lgpio.egg-info/SOURCES.txt'
[2.168s] reading manifest template 'MANIFEST.in'
[2.168s] adding license file 'LICENSE'
[2.169s] writing manifest file '../../build/lgpio/lgpio.egg-info/SOURCES.txt'
[2.170s] running build
[2.171s] running build_py
[2.171s] running build_ext
[2.176s] building '_lgpio' extension
[2.176s] swigging lgpio.i to lgpio_wrap.c
[2.176s] swig -python -o lgpio_wrap.c lgpio.i
[2.177s] error: command 'swig' failed: No such file or directory
[2.286s] Invoked command in '/home/rogi4rm/RogiARm_ws/lg/PY_LGPIO' returned '1': PYTHONPATH=/home/rogi4rm/RogiARm_ws/build/lgpio/prefix_override:/usr/lib/python3/dist-packages/colcon_core/task/python/colcon_distutils_commands:/home/rogi4rm/RogiARm_ws/install/lgpio/lib/python3.12/site-packages:${PYTHONPATH} /usr/bin/python3 -W ignore:setup.py install is deprecated -W ignore:easy_install command is deprecated setup.py egg_info --egg-base ../../build/lgpio build --build-base /home/rogi4rm/RogiARm_ws/build/lgpio/build install --record /home/rogi4rm/RogiARm_ws/build/lgpio/install.log --single-version-externally-managed
