[2.396s] Invoking command in '/home/rogi4rm/RogiARm_ws/src/RogiARm_control': PYTHONPATH=/home/rogi4rm/RogiARm_ws/build/RogiARm_control/prefix_override:/usr/lib/python3/dist-packages/colcon_core/task/python/colcon_distutils_commands:/home/rogi4rm/RogiARm_ws/install/RogiARm_control/lib/python3.12/site-packages:${PYTHONPATH} /usr/bin/python3 -W ignore:setup.py install is deprecated -W ignore:easy_install command is deprecated setup.py egg_info --egg-base ../../build/RogiARm_control build --build-base /home/rogi4rm/RogiARm_ws/build/RogiARm_control/build install --record /home/rogi4rm/RogiARm_ws/build/RogiARm_control/install.log --single-version-externally-managed install_data
[2.827s] running egg_info
[2.847s] writing ../../build/RogiARm_control/RogiARm_control.egg-info/PKG-INFO
[2.847s] writing dependency_links to ../../build/RogiARm_control/RogiARm_control.egg-info/dependency_links.txt
[2.851s] writing entry points to ../../build/RogiARm_control/RogiARm_control.egg-info/entry_points.txt
[2.851s] writing requirements to ../../build/RogiARm_control/RogiARm_control.egg-info/requires.txt
[2.852s] writing top-level names to ../../build/RogiARm_control/RogiARm_control.egg-info/top_level.txt
[2.896s] reading manifest file '../../build/RogiARm_control/RogiARm_control.egg-info/SOURCES.txt'
[2.896s] writing manifest file '../../build/RogiARm_control/RogiARm_control.egg-info/SOURCES.txt'
[2.896s] running build
[2.896s] running build_py
[2.897s] running install
[2.907s] running install_lib
[2.932s] running install_data
[2.932s] running install_egg_info
[2.957s] removing '/home/rogi4rm/RogiARm_ws/install/RogiARm_control/lib/python3.12/site-packages/RogiARm_control-0.0.0-py3.12.egg-info' (and everything under it)
[2.957s] Copying ../../build/RogiARm_control/RogiARm_control.egg-info to /home/rogi4rm/RogiARm_ws/install/RogiARm_control/lib/python3.12/site-packages/RogiARm_control-0.0.0-py3.12.egg-info
[2.959s] running install_scripts
[3.143s] Installing keyboard_control script to /home/rogi4rm/RogiARm_ws/install/RogiARm_control/lib/RogiARm_control
[3.146s] writing list of installed files to '/home/rogi4rm/RogiARm_ws/build/RogiARm_control/install.log'
[3.356s] Invoked command in '/home/rogi4rm/RogiARm_ws/src/RogiARm_control' returned '0': PYTHONPATH=/home/rogi4rm/RogiARm_ws/build/RogiARm_control/prefix_override:/usr/lib/python3/dist-packages/colcon_core/task/python/colcon_distutils_commands:/home/rogi4rm/RogiARm_ws/install/RogiARm_control/lib/python3.12/site-packages:${PYTHONPATH} /usr/bin/python3 -W ignore:setup.py install is deprecated -W ignore:easy_install command is deprecated setup.py egg_info --egg-base ../../build/RogiARm_control build --build-base /home/rogi4rm/RogiARm_ws/build/RogiARm_control/build install --record /home/rogi4rm/RogiARm_ws/build/RogiARm_control/install.log --single-version-externally-managed install_data
