[2.393s] Invoking command in '/home/rogi4rm/RogiARm_ws/src/rogiarm_bringup': PYTHONPATH=/home/rogi4rm/RogiARm_ws/build/rogiarm_bringup/prefix_override:/usr/lib/python3/dist-packages/colcon_core/task/python/colcon_distutils_commands:/home/rogi4rm/RogiARm_ws/install/rogiarm_bringup/lib/python3.12/site-packages:${PYTHONPATH} /usr/bin/python3 -W ignore:setup.py install is deprecated -W ignore:easy_install command is deprecated setup.py egg_info --egg-base ../../build/rogiarm_bringup build --build-base /home/rogi4rm/RogiARm_ws/build/rogiarm_bringup/build install --record /home/rogi4rm/RogiARm_ws/build/rogiarm_bringup/install.log --single-version-externally-managed install_data
[2.805s] running egg_info
[2.826s] writing ../../build/rogiarm_bringup/rogiarm_bringup.egg-info/PKG-INFO
[2.826s] writing dependency_links to ../../build/rogiarm_bringup/rogiarm_bringup.egg-info/dependency_links.txt
[2.827s] writing requirements to ../../build/rogiarm_bringup/rogiarm_bringup.egg-info/requires.txt
[2.827s] writing top-level names to ../../build/rogiarm_bringup/rogiarm_bringup.egg-info/top_level.txt
[2.875s] reading manifest file '../../build/rogiarm_bringup/rogiarm_bringup.egg-info/SOURCES.txt'
[2.878s] writing manifest file '../../build/rogiarm_bringup/rogiarm_bringup.egg-info/SOURCES.txt'
[2.878s] running build
[2.878s] running build_py
[2.878s] running install
[2.890s] running install_lib
[2.915s] running install_data
[2.916s] copying launch/bringup.launch.py -> /home/rogi4rm/RogiARm_ws/install/rogiarm_bringup/share/rogiarm_bringup/launch
[2.916s] running install_egg_info
[2.944s] removing '/home/rogi4rm/RogiARm_ws/install/rogiarm_bringup/lib/python3.12/site-packages/rogiarm_bringup-0.0.0-py3.12.egg-info' (and everything under it)
[2.945s] Copying ../../build/rogiarm_bringup/rogiarm_bringup.egg-info to /home/rogi4rm/RogiARm_ws/install/rogiarm_bringup/lib/python3.12/site-packages/rogiarm_bringup-0.0.0-py3.12.egg-info
[2.947s] running install_scripts
[3.161s] writing list of installed files to '/home/rogi4rm/RogiARm_ws/build/rogiarm_bringup/install.log'
[3.373s] Invoked command in '/home/rogi4rm/RogiARm_ws/src/rogiarm_bringup' returned '0': PYTHONPATH=/home/rogi4rm/RogiARm_ws/build/rogiarm_bringup/prefix_override:/usr/lib/python3/dist-packages/colcon_core/task/python/colcon_distutils_commands:/home/rogi4rm/RogiARm_ws/install/rogiarm_bringup/lib/python3.12/site-packages:${PYTHONPATH} /usr/bin/python3 -W ignore:setup.py install is deprecated -W ignore:easy_install command is deprecated setup.py egg_info --egg-base ../../build/rogiarm_bringup build --build-base /home/rogi4rm/RogiARm_ws/build/rogiarm_bringup/build install --record /home/rogi4rm/RogiARm_ws/build/rogiarm_bringup/install.log --single-version-externally-managed install_data
